<?xml version="1.0" encoding="utf-8"?>
 <Event Level="ERROR" Date="2022/08/03" Time="11:18:46" HostName="DESKTOP-PKUIKBF" HostIP="172.16.40.201" Application="FEPBaseMethod.java" Line="42">
 	<Message>
 		<SysInfo Sys="FEP10" SubSys=""/>
 		<Error Code="" Description="查無可修改重送次數為0的資料"/>
 		<ATMNo></ATMNo>
 		<APMessage><LogData><MessageId></MessageId><Message>UI070050</Message><ProgramName></ProgramName><STAN></STAN><ATMNo></ATMNo><ATMSeq></ATMSeq><TxDate></TxDate><TroutBank></TroutBank><TroutActno></TroutActno><TrinBank></TrinBank><TrinActno></TrinActno><Chact></Chact><EJ>0</EJ><Remark>查無可修改重送次數為0的資料</Remark><Bkno></Bkno><TableName></TableName><TableDescription></TableDescription><PrimaryKeys></PrimaryKeys><ExternalCode></ExternalCode><ResponseMessage></ResponseMessage><Notification>false</Notification><Step>1</Step><PCode></PCode><DesBkno></DesBkno><FiscRC></FiscRC><MessageGroup></MessageGroup><MessageParm13></MessageParm13><MessageParm14></MessageParm14><TxUser></TxUser><Operator></Operator><Responsible></Responsible><IsNewWebATM>false</IsNewWebATM></LogData><TxErrDesc>查無可修改重送次數為0的資料</TxErrDesc><ExSource/><ExStack/><TxExternalCode>AbNormal</TxExternalCode><ExSubCode/><TxPK/><TxSource></TxSource></APMessage>
 	</Message>
 </Event>
<?xml version="1.0" encoding="utf-8"?>
 <Event Level="ERROR" Date="2022/08/03" Time="11:21:54" HostName="DESKTOP-PKUIKBF" HostIP="172.16.40.201" Application="FEPBaseMethod.java" Line="42">
 	<Message>
 		<SysInfo Sys="FEP10" SubSys=""/>
 		<Error Code="" Description="查無可修改重送次數為0的資料"/>
 		<ATMNo></ATMNo>
 		<APMessage><LogData><MessageId></MessageId><Message>UI070050</Message><ProgramName></ProgramName><STAN></STAN><ATMNo></ATMNo><ATMSeq></ATMSeq><TxDate></TxDate><TroutBank></TroutBank><TroutActno></TroutActno><TrinBank></TrinBank><TrinActno></TrinActno><Chact></Chact><EJ>0</EJ><Remark>查無可修改重送次數為0的資料</Remark><Bkno></Bkno><TableName></TableName><TableDescription></TableDescription><PrimaryKeys></PrimaryKeys><ExternalCode></ExternalCode><ResponseMessage></ResponseMessage><Notification>false</Notification><Step>1</Step><PCode></PCode><DesBkno></DesBkno><FiscRC></FiscRC><MessageGroup></MessageGroup><MessageParm13></MessageParm13><MessageParm14></MessageParm14><TxUser></TxUser><Operator></Operator><Responsible></Responsible><IsNewWebATM>false</IsNewWebATM></LogData><TxErrDesc>查無可修改重送次數為0的資料</TxErrDesc><ExSource/><ExStack/><TxExternalCode>AbNormal</TxExternalCode><ExSubCode/><TxPK/><TxSource></TxSource></APMessage>
 	</Message>
 </Event>
<?xml version="1.0" encoding="utf-8"?>
 <Event Level="ERROR" Date="2022/08/03" Time="11:36:42" HostName="DESKTOP-PKUIKBF" HostIP="172.16.40.201" Application="FEPBaseMethod.java" Line="42">
 	<Message>
 		<SysInfo Sys="FEP10" SubSys=""/>
 		<Error Code="" Description="查無可修改重送次數為0的資料"/>
 		<ATMNo></ATMNo>
 		<APMessage><LogData><MessageId></MessageId><Message>UI070050</Message><ProgramName></ProgramName><STAN></STAN><ATMNo></ATMNo><ATMSeq></ATMSeq><TxDate></TxDate><TroutBank></TroutBank><TroutActno></TroutActno><TrinBank></TrinBank><TrinActno></TrinActno><Chact></Chact><EJ>0</EJ><Remark>查無可修改重送次數為0的資料</Remark><Bkno></Bkno><TableName></TableName><TableDescription></TableDescription><PrimaryKeys></PrimaryKeys><ExternalCode></ExternalCode><ResponseMessage></ResponseMessage><Notification>false</Notification><Step>1</Step><PCode></PCode><DesBkno></DesBkno><FiscRC></FiscRC><MessageGroup></MessageGroup><MessageParm13></MessageParm13><MessageParm14></MessageParm14><TxUser></TxUser><Operator></Operator><Responsible></Responsible><IsNewWebATM>false</IsNewWebATM></LogData><TxErrDesc>查無可修改重送次數為0的資料</TxErrDesc><ExSource/><ExStack/><TxExternalCode>AbNormal</TxExternalCode><ExSubCode/><TxPK/><TxSource></TxSource></APMessage>
 	</Message>
 </Event>
<?xml version="1.0" encoding="utf-8"?>
 <Event Level="ERROR" Date="2022/08/03" Time="11:49:13" HostName="DESKTOP-PKUIKBF" HostIP="172.16.40.201" Application="FEPBaseMethod.java" Line="42">
 	<Message>
 		<SysInfo Sys="FEP10" SubSys=""/>
 		<Error Code="" Description="全部修改-EJ=[248]更新Queue發生錯誤：java.lang.ClassCastException: class java.lang.Integer cannot be cast to class java.math.BigDecimal (java.lang.Integer and java.math.BigDecimal are in module java.base of loader 'bootstrap')"/>
 		<ATMNo></ATMNo>
 		<APMessage><LogData><MessageId></MessageId><Message>UI070050</Message><ProgramName></ProgramName><STAN></STAN><ATMNo></ATMNo><ATMSeq></ATMSeq><TxDate></TxDate><TroutBank></TroutBank><TroutActno></TroutActno><TrinBank></TrinBank><TrinActno></TrinActno><Chact></Chact><EJ>0</EJ><Remark>全部修改-EJ=[248]更新Queue發生錯誤：java.lang.ClassCastException: class java.lang.Integer cannot be cast to class java.math.BigDecimal (java.lang.Integer and java.math.BigDecimal are in module java.base of loader &apos;bootstrap&apos;)</Remark><Bkno></Bkno><TableName></TableName><TableDescription></TableDescription><PrimaryKeys></PrimaryKeys><ExternalCode></ExternalCode><ResponseMessage></ResponseMessage><Notification>false</Notification><Step>1</Step><PCode></PCode><DesBkno></DesBkno><FiscRC></FiscRC><MessageGroup></MessageGroup><MessageParm13></MessageParm13><MessageParm14></MessageParm14><TxUser></TxUser><Operator></Operator><Responsible></Responsible><IsNewWebATM>false</IsNewWebATM></LogData><TxErrDesc>全部修改-EJ=[248]更新Queue發生錯誤：java.lang.ClassCastException: class java.lang.Integer cannot be cast to class java.math.BigDecimal (java.lang.Integer and java.math.BigDecimal are in module java.base of loader 'bootstrap')</TxErrDesc><ExSource/><ExStack/><TxExternalCode>AbNormal</TxExternalCode><ExSubCode/><TxPK/><TxSource></TxSource></APMessage>
 	</Message>
 </Event>
<?xml version="1.0" encoding="utf-8"?>
 <Event Level="ERROR" Date="2022/08/03" Time="13:37:46" HostName="DESKTOP-PKUIKBF" HostIP="172.16.40.84" Application="FEPBaseMethod.java" Line="42">
 	<Message>
 		<SysInfo Sys="FEP10" SubSys=""/>
 		<Error Code="" Description="全部修改-EJ=[248]更新Queue發生錯誤：java.lang.ClassCastException: class java.lang.Integer cannot be cast to class java.math.BigDecimal (java.lang.Integer and java.math.BigDecimal are in module java.base of loader 'bootstrap')"/>
 		<ATMNo></ATMNo>
 		<APMessage><LogData><MessageId></MessageId><Message>UI070050</Message><ProgramName></ProgramName><STAN></STAN><ATMNo></ATMNo><ATMSeq></ATMSeq><TxDate></TxDate><TroutBank></TroutBank><TroutActno></TroutActno><TrinBank></TrinBank><TrinActno></TrinActno><Chact></Chact><EJ>0</EJ><Remark>全部修改-EJ=[248]更新Queue發生錯誤：java.lang.ClassCastException: class java.lang.Integer cannot be cast to class java.math.BigDecimal (java.lang.Integer and java.math.BigDecimal are in module java.base of loader &apos;bootstrap&apos;)</Remark><Bkno></Bkno><TableName></TableName><TableDescription></TableDescription><PrimaryKeys></PrimaryKeys><ExternalCode></ExternalCode><ResponseMessage></ResponseMessage><Notification>false</Notification><Step>1</Step><PCode></PCode><DesBkno></DesBkno><FiscRC></FiscRC><MessageGroup></MessageGroup><MessageParm13></MessageParm13><MessageParm14></MessageParm14><TxUser></TxUser><Operator></Operator><Responsible></Responsible><IsNewWebATM>false</IsNewWebATM></LogData><TxErrDesc>全部修改-EJ=[248]更新Queue發生錯誤：java.lang.ClassCastException: class java.lang.Integer cannot be cast to class java.math.BigDecimal (java.lang.Integer and java.math.BigDecimal are in module java.base of loader 'bootstrap')</TxErrDesc><ExSource/><ExStack/><TxExternalCode>AbNormal</TxExternalCode><ExSubCode/><TxPK/><TxSource></TxSource></APMessage>
 	</Message>
 </Event>
<?xml version="1.0" encoding="utf-8"?>
 <Event Level="ERROR" Date="2022/08/03" Time="13:47:26" HostName="DESKTOP-PKUIKBF" HostIP="172.16.40.84" Application="FEPBaseMethod.java" Line="42">
 	<Message>
 		<SysInfo Sys="FEP10" SubSys=""/>
 		<Error Code="" Description="全部修改-EJ=[248]更新Queue發生錯誤：java.lang.ClassCastException: class java.lang.Integer cannot be cast to class java.lang.Long (java.lang.Integer and java.lang.Long are in module java.base of loader 'bootstrap')"/>
 		<ATMNo></ATMNo>
 		<APMessage><LogData><MessageId></MessageId><Message>UI070050</Message><ProgramName></ProgramName><STAN></STAN><ATMNo></ATMNo><ATMSeq></ATMSeq><TxDate></TxDate><TroutBank></TroutBank><TroutActno></TroutActno><TrinBank></TrinBank><TrinActno></TrinActno><Chact></Chact><EJ>0</EJ><Remark>全部修改-EJ=[248]更新Queue發生錯誤：java.lang.ClassCastException: class java.lang.Integer cannot be cast to class java.lang.Long (java.lang.Integer and java.lang.Long are in module java.base of loader &apos;bootstrap&apos;)</Remark><Bkno></Bkno><TableName></TableName><TableDescription></TableDescription><PrimaryKeys></PrimaryKeys><ExternalCode></ExternalCode><ResponseMessage></ResponseMessage><Notification>false</Notification><Step>1</Step><PCode></PCode><DesBkno></DesBkno><FiscRC></FiscRC><MessageGroup></MessageGroup><MessageParm13></MessageParm13><MessageParm14></MessageParm14><TxUser></TxUser><Operator></Operator><Responsible></Responsible><IsNewWebATM>false</IsNewWebATM></LogData><TxErrDesc>全部修改-EJ=[248]更新Queue發生錯誤：java.lang.ClassCastException: class java.lang.Integer cannot be cast to class java.lang.Long (java.lang.Integer and java.lang.Long are in module java.base of loader 'bootstrap')</TxErrDesc><ExSource/><ExStack/><TxExternalCode>AbNormal</TxExternalCode><ExSubCode/><TxPK/><TxSource></TxSource></APMessage>
 	</Message>
 </Event>
<?xml version="1.0" encoding="utf-8"?>
 <Event Level="ERROR" Date="2022/08/03" Time="14:27:34" HostName="DESKTOP-PKUIKBF" HostIP="172.16.40.84" Application="FEPBaseMethod.java" Line="42">
 	<Message>
 		<SysInfo Sys="FEP10" SubSys=""/>
 		<Error Code="" Description="查無可修改重送次數為0的資料"/>
 		<ATMNo></ATMNo>
 		<APMessage><LogData><MessageId></MessageId><Message>UI070050</Message><ProgramName></ProgramName><STAN></STAN><ATMNo></ATMNo><ATMSeq></ATMSeq><TxDate></TxDate><TroutBank></TroutBank><TroutActno></TroutActno><TrinBank></TrinBank><TrinActno></TrinActno><Chact></Chact><EJ>0</EJ><Remark>查無可修改重送次數為0的資料</Remark><Bkno></Bkno><TableName></TableName><TableDescription></TableDescription><PrimaryKeys></PrimaryKeys><ExternalCode></ExternalCode><ResponseMessage></ResponseMessage><Notification>false</Notification><Step>1</Step><PCode></PCode><DesBkno></DesBkno><FiscRC></FiscRC><MessageGroup></MessageGroup><MessageParm13></MessageParm13><MessageParm14></MessageParm14><TxUser></TxUser><Operator></Operator><Responsible></Responsible><IsNewWebATM>false</IsNewWebATM></LogData><TxErrDesc>查無可修改重送次數為0的資料</TxErrDesc><ExSource/><ExStack/><TxExternalCode>AbNormal</TxExternalCode><ExSubCode/><TxPK/><TxSource></TxSource></APMessage>
 	</Message>
 </Event>
