[2022-08-30 15:37:04.684][background-preinit][INFO ][org.hibernate.validator.internal.util.Version]HV000001: Hibernate Validator 6.2.0.Final
[2022-08-30 15:37:04.797][restartedMain][INFO ][com.syscom.fep.web.SyscomFepWebApplication]Starting SyscomFepWebApplication using Java 17.0.2 on DESKTOP-PKUIKBF with PID 13976 (D:\TCBFEP\source\fep\fep-web\target\classes started by User in D:\TCBFEP\source\fep\fep-web)
[2022-08-30 15:37:04.801][restartedMain][DEBUG][com.syscom.fep.web.SyscomFepWebApplication]Running with Spring Boot v2.6.3, Spring v5.3.15
[2022-08-30 15:37:04.802][restartedMain][INFO ][com.syscom.fep.web.SyscomFepWebApplication]The following profiles are active: mybatis,integration,scheduler,jms,safeaa,web,devtools
[2022-08-30 15:37:11.095][restartedMain][INFO ][com.ulisesbocchio.jasyptspringboot.configuration.EnableEncryptablePropertiesBeanFactoryPostProcessor]Post-processing PropertySource instances
[2022-08-30 15:37:11.097][restartedMain][INFO ][com.ulisesbocchio.jasyptspringboot.EncryptablePropertySourceConverter]Skipping PropertySource configurationProperties [class org.springframework.boot.context.properties.source.ConfigurationPropertySourcesPropertySource
[2022-08-30 15:37:11.101][restartedMain][INFO ][com.ulisesbocchio.jasyptspringboot.EncryptablePropertySourceConverter]Converting PropertySource commandLineArgs [org.springframework.core.env.SimpleCommandLinePropertySource] to EncryptableEnumerablePropertySourceWrapper
[2022-08-30 15:37:11.101][restartedMain][INFO ][com.ulisesbocchio.jasyptspringboot.EncryptablePropertySourceConverter]Skipping PropertySource servletConfigInitParams [class org.springframework.core.env.PropertySource$StubPropertySource
[2022-08-30 15:37:11.101][restartedMain][INFO ][com.ulisesbocchio.jasyptspringboot.EncryptablePropertySourceConverter]Skipping PropertySource servletContextInitParams [class org.springframework.core.env.PropertySource$StubPropertySource
[2022-08-30 15:37:11.101][restartedMain][INFO ][com.ulisesbocchio.jasyptspringboot.EncryptablePropertySourceConverter]Converting PropertySource systemProperties [org.springframework.core.env.PropertiesPropertySource] to EncryptableMapPropertySourceWrapper
[2022-08-30 15:37:11.101][restartedMain][INFO ][com.ulisesbocchio.jasyptspringboot.EncryptablePropertySourceConverter]Converting PropertySource systemEnvironment [org.springframework.boot.env.SystemEnvironmentPropertySourceEnvironmentPostProcessor$OriginAwareSystemEnvironmentPropertySource] to EncryptableSystemEnvironmentPropertySourceWrapper
[2022-08-30 15:37:11.102][restartedMain][INFO ][com.ulisesbocchio.jasyptspringboot.EncryptablePropertySourceConverter]Converting PropertySource random [org.springframework.boot.env.RandomValuePropertySource] to EncryptablePropertySourceWrapper
[2022-08-30 15:37:11.102][restartedMain][INFO ][com.ulisesbocchio.jasyptspringboot.EncryptablePropertySourceConverter]Converting PropertySource cachedrandom [org.springframework.cloud.util.random.CachedRandomPropertySource] to EncryptablePropertySourceWrapper
[2022-08-30 15:37:11.102][restartedMain][INFO ][com.ulisesbocchio.jasyptspringboot.EncryptablePropertySourceConverter]Converting PropertySource Config resource 'class path resource [application-web.properties]' via location 'optional:classpath:/' [org.springframework.boot.env.OriginTrackedMapPropertySource] to EncryptableMapPropertySourceWrapper
[2022-08-30 15:37:11.102][restartedMain][INFO ][com.ulisesbocchio.jasyptspringboot.EncryptablePropertySourceConverter]Converting PropertySource Config resource 'class path resource [application-safeaa.properties]' via location 'optional:classpath:/' [org.springframework.boot.env.OriginTrackedMapPropertySource] to EncryptableMapPropertySourceWrapper
[2022-08-30 15:37:11.102][restartedMain][INFO ][com.ulisesbocchio.jasyptspringboot.EncryptablePropertySourceConverter]Converting PropertySource Config resource 'class path resource [application-jms.properties]' via location 'optional:classpath:/' [org.springframework.boot.env.OriginTrackedMapPropertySource] to EncryptableMapPropertySourceWrapper
[2022-08-30 15:37:11.103][restartedMain][INFO ][com.ulisesbocchio.jasyptspringboot.EncryptablePropertySourceConverter]Converting PropertySource Config resource 'class path resource [application-scheduler.properties]' via location 'optional:classpath:/' [org.springframework.boot.env.OriginTrackedMapPropertySource] to EncryptableMapPropertySourceWrapper
[2022-08-30 15:37:11.103][restartedMain][INFO ][com.ulisesbocchio.jasyptspringboot.EncryptablePropertySourceConverter]Converting PropertySource Config resource 'class path resource [application-integration.properties]' via location 'optional:classpath:/' [org.springframework.boot.env.OriginTrackedMapPropertySource] to EncryptableMapPropertySourceWrapper
[2022-08-30 15:37:11.103][restartedMain][INFO ][com.ulisesbocchio.jasyptspringboot.EncryptablePropertySourceConverter]Converting PropertySource Config resource 'class path resource [application-mybatis.properties]' via location 'optional:classpath:/' [org.springframework.boot.env.OriginTrackedMapPropertySource] to EncryptableMapPropertySourceWrapper
[2022-08-30 15:37:11.103][restartedMain][INFO ][com.ulisesbocchio.jasyptspringboot.EncryptablePropertySourceConverter]Converting PropertySource Config resource 'class path resource [application.properties]' via location 'optional:classpath:/' [org.springframework.boot.env.OriginTrackedMapPropertySource] to EncryptableMapPropertySourceWrapper
[2022-08-30 15:37:11.103][restartedMain][INFO ][com.ulisesbocchio.jasyptspringboot.EncryptablePropertySourceConverter]Converting PropertySource devtools [org.springframework.core.env.MapPropertySource] to EncryptableMapPropertySourceWrapper
[2022-08-30 15:37:11.822][restartedMain][INFO ][com.ulisesbocchio.jasyptspringboot.filter.DefaultLazyPropertyFilter]Property Filter custom Bean not found with name 'encryptablePropertyFilter'. Initializing Default Property Filter
[2022-08-30 15:37:11.838][restartedMain][INFO ][com.ulisesbocchio.jasyptspringboot.resolver.DefaultLazyPropertyResolver]Property Resolver custom Bean not found with name 'encryptablePropertyResolver'. Initializing Default Property Resolver
[2022-08-30 15:37:11.842][restartedMain][INFO ][com.ulisesbocchio.jasyptspringboot.detector.DefaultLazyPropertyDetector]Property Detector custom Bean not found with name 'encryptablePropertyDetector'. Initializing Default Property Detector
[2022-08-30 15:37:14.331][restartedMain][INFO ][GeneralLogger]Jms Msg Configuration:
  spring.fep.jms.QueueNames.test = TestQueue
  spring.fep.jms.QueueNames.dead = null
  spring.fep.jms.QueueNames.deadFisc = null
  spring.fep.jms.QueueNames.batch = BatchQueue
  spring.fep.jms.QueueNames.atmMon = null
  spring.fep.jms.TopicNames.test = TestTopic

[2022-08-30 15:37:14.605][restartedMain][INFO ][SyscomGeneralLogger]Safeaa Data Source Configruation:
  environment = ApplicationServletEnvironment {activeProfiles=[mybatis, integration, scheduler, jms, safeaa, web, devtools], defaultProfiles=[default], propertySources=[ConfigurationPropertySourcesPropertySource {name='configurationProperties'}, EncryptableEnumerablePropertySourceWrapper {name='commandLineArgs'}, StubPropertySource {name='servletConfigInitParams'}, ServletContextPropertySource {name='servletContextInitParams'}, EncryptableMapPropertySourceWrapper {name='systemProperties'}, EncryptableSystemEnvironmentPropertySourceWrapper {name='systemEnvironment'}, EncryptablePropertySourceWrapper {name='random'}, EncryptablePropertySourceWrapper {name='cachedrandom'}, EncryptableMapPropertySourceWrapper {name='Config resource 'class path resource [application-web.properties]' via location 'optional:classpath:/''}, EncryptableMapPropertySourceWrapper {name='Config resource 'class path resource [application-safeaa.properties]' via location 'optional:classpath:/''}, EncryptableMapPropertySourceWrapper {name='Config resource 'class path resource [application-jms.properties]' via location 'optional:classpath:/''}, EncryptableMapPropertySourceWrapper {name='Config resource 'class path resource [application-scheduler.properties]' via location 'optional:classpath:/''}, EncryptableMapPropertySourceWrapper {name='Config resource 'class path resource [application-integration.properties]' via location 'optional:classpath:/''}, EncryptableMapPropertySourceWrapper {name='Config resource 'class path resource [application-mybatis.properties]' via location 'optional:classpath:/''}, EncryptableMapPropertySourceWrapper {name='Config resource 'class path resource [application.properties]' via location 'optional:classpath:/''}, EncryptableMapPropertySourceWrapper {name='devtools'}]}
  spring.safeaa.mybatis.interceptor.audittrail.enable = true
  spring.safeaa.mybatis.interceptor.audittrail.ignore-tablename-prefix-list = [SYSCOMAUDITTRAIL]

[2022-08-30 15:37:14.638][restartedMain][INFO ][SyscomTraceLogger][SafeaaAuditTrailInterceptor]start to intercept...
[2022-08-30 15:37:16.038][restartedMain][INFO ][GeneralLogger]Data Source Configuration:
  spring.fep.mybatis.interceptor.audittrail.enable = true
  spring.fep.mybatis.interceptor.audittrail.ignore-tablename-prefix-list = [SYSCOMAUDITTRAIL]

[2022-08-30 15:37:16.069][restartedMain][INFO ][TraceLogger][AuditTrailInterceptor]start to intercept...
[2022-08-30 15:37:27.369][restartedMain][INFO ][GeneralLogger]System Monitor Configuration:
  spring.fep.web.system.monitor.prometheus.name = null
  spring.fep.web.system.monitor.prometheus.host = 127.0.0.1
  spring.fep.web.system.monitor.prometheus.port = 9090
  spring.fep.web.system.monitor.host.name = null
  spring.fep.web.system.monitor.host.host = 127.0.0.1
  spring.fep.web.system.monitor.host.port = 18081

[2022-08-30 15:37:28.616][restartedMain][INFO ][com.syscom.fep.frmcommon.util.SpringBeanFactoryUtil]register bean succeed, beanClassName = [com.syscom.fep.scheduler.job.impl.ReloadDbCacheJobConfig]
[2022-08-30 15:37:28.650][restartedMain][INFO ][com.syscom.fep.frmcommon.util.SpringBeanFactoryUtil]register bean succeed, beanClassName = [com.syscom.fep.scheduler.job.impl.ReloadDbCacheJob]
[2022-08-30 15:37:28.690][restartedMain][INFO ][com.syscom.fep.frmcommon.util.SpringBeanFactoryUtil]register bean succeed, beanClassName = [com.syscom.fep.service.monitor.job.MonitorSchedulerJobConfig]
[2022-08-30 15:37:28.696][restartedMain][INFO ][com.syscom.fep.frmcommon.util.SpringBeanFactoryUtil]unregister bean succeed, beanClassName = [com.syscom.fep.service.monitor.job.MonitorSchedulerJobConfig]
[2022-08-30 15:37:28.715][restartedMain][WARN ][TraceLogger]Cannot register bean = [com.syscom.fep.service.monitor.job.MonitorSchedulerJob,com.syscom.fep.service.monitor.job.MonitorSchedulerJobConfig], maybe it is needless for this application
[2022-08-30 15:37:28.716][restartedMain][INFO ][SchedulerLogger]ReloadDbCacheJob start to schedule...
[2022-08-30 15:37:28.755][restartedMain][INFO ][SchedulerLogger]ReloadDbCacheJob has been scheduled by CronExpression = [0 0/30 * * * ? ]
[2022-08-30 15:37:29.241][restartedMain][INFO ][GeneralLogger]Web Configuration:
  spring.fep.web.demo = true
  spring.fep.web.title = 合作金庫商業銀行
  spring.fep.web.web-type = FEP
  spring.fep.web.query-only = 0
  spring.fep.web.time-out = 30000
  spring.fep.web.subsys = 1,2,3,4,5,6,7,8,9,10,11,12,13,14
  spring.fep.web.isFEPWebOrRMWeb = FEPWeb
  spring.fep.web.RemoteMQServiceFlag = ON
  spring.fep.web.RemoteMQServiceIP = serverIP
  spring.fep.web.MQServicePort = 8161
  spring.fep.web.csvSavedPath = /home/syscom/FEP10/csv/
  authenticationInterceptor = com.syscom.fep.web.interceptor.AuthenticationInterceptor@5712b7b0
  viewInterceptor = com.syscom.fep.web.interceptor.ViewInterceptor@f8c1dd1

[2022-08-30 15:37:35.502][restartedMain][INFO ][com.ulisesbocchio.jasyptspringboot.encryptor.DefaultLazyEncryptor]String Encryptor custom Bean not found with name 'jasyptStringEncryptor'. Initializing Default String Encryptor
[2022-08-30 15:37:35.560][restartedMain][INFO ][com.ulisesbocchio.jasyptspringboot.configuration.StringEncryptorBuilder]Encryptor config not found for property jasypt.encryptor.algorithm, using default value: PBEWITHHMACSHA512ANDAES_256
[2022-08-30 15:37:35.562][restartedMain][INFO ][com.ulisesbocchio.jasyptspringboot.configuration.StringEncryptorBuilder]Encryptor config not found for property jasypt.encryptor.key-obtention-iterations, using default value: 1000
[2022-08-30 15:37:35.563][restartedMain][INFO ][com.ulisesbocchio.jasyptspringboot.configuration.StringEncryptorBuilder]Encryptor config not found for property jasypt.encryptor.pool-size, using default value: 1
[2022-08-30 15:37:35.563][restartedMain][INFO ][com.ulisesbocchio.jasyptspringboot.configuration.StringEncryptorBuilder]Encryptor config not found for property jasypt.encryptor.provider-name, using default value: null
[2022-08-30 15:37:35.564][restartedMain][INFO ][com.ulisesbocchio.jasyptspringboot.configuration.StringEncryptorBuilder]Encryptor config not found for property jasypt.encryptor.provider-class-name, using default value: null
[2022-08-30 15:37:35.564][restartedMain][INFO ][com.ulisesbocchio.jasyptspringboot.configuration.StringEncryptorBuilder]Encryptor config not found for property jasypt.encryptor.salt-generator-classname, using default value: org.jasypt.salt.RandomSaltGenerator
[2022-08-30 15:37:35.567][restartedMain][INFO ][com.ulisesbocchio.jasyptspringboot.configuration.StringEncryptorBuilder]Encryptor config not found for property jasypt.encryptor.iv-generator-classname, using default value: org.jasypt.iv.RandomIvGenerator
[2022-08-30 15:37:35.570][restartedMain][INFO ][com.ulisesbocchio.jasyptspringboot.configuration.StringEncryptorBuilder]Encryptor config not found for property jasypt.encryptor.string-output-type, using default value: base64
[2022-08-30 15:37:35.981][restartedMain][DEBUG][com.syscom.fep.frmcommon.jdbc.DynamicDataSource]Determine current DataSource is [MASTER]
[2022-08-30 15:37:35.982][restartedMain][DEBUG][com.syscom.fep.frmcommon.jdbc.DynamicDataSource]Determine current DataSource is [MASTER]
[2022-08-30 15:37:36.085][restartedMain][DEBUG][com.syscom.fep.frmcommon.jdbc.DynamicDataSource]Determine current DataSource is [MASTER]
[2022-08-30 15:37:36.085][restartedMain][DEBUG][com.syscom.fep.frmcommon.jdbc.DynamicDataSource]Determine current DataSource is [MASTER]
[2022-08-30 15:37:36.263][restartedMain][DEBUG][com.syscom.fep.frmcommon.jdbc.DynamicDataSource]Determine current DataSource is [MASTER]
[2022-08-30 15:37:36.263][restartedMain][DEBUG][com.syscom.fep.frmcommon.jdbc.DynamicDataSource]Determine current DataSource is [MASTER]
[2022-08-30 15:37:36.426][restartedMain][DEBUG][com.syscom.safeaa.jdbc.DynamicDataSource]Determine current DataSource is [MASTER]
[2022-08-30 15:37:36.426][restartedMain][DEBUG][com.syscom.safeaa.jdbc.DynamicDataSource]Determine current DataSource is [MASTER]
[2022-08-30 15:37:39.785][restartedMain][INFO ][com.ulisesbocchio.jasyptspringboot.caching.RefreshScopeRefreshedEventListener]Refreshing cached encryptable property sources on ServletWebServerInitializedEvent
[2022-08-30 15:37:39.787][restartedMain][INFO ][com.ulisesbocchio.jasyptspringboot.caching.CachingDelegateEncryptablePropertySource]Property Source commandLineArgs refreshed
[2022-08-30 15:37:39.788][restartedMain][INFO ][com.ulisesbocchio.jasyptspringboot.caching.CachingDelegateEncryptablePropertySource]Property Source systemProperties refreshed
[2022-08-30 15:37:39.788][restartedMain][INFO ][com.ulisesbocchio.jasyptspringboot.caching.CachingDelegateEncryptablePropertySource]Property Source systemEnvironment refreshed
[2022-08-30 15:37:39.788][restartedMain][INFO ][com.ulisesbocchio.jasyptspringboot.caching.CachingDelegateEncryptablePropertySource]Property Source random refreshed
[2022-08-30 15:37:39.788][restartedMain][INFO ][com.ulisesbocchio.jasyptspringboot.caching.CachingDelegateEncryptablePropertySource]Property Source cachedrandom refreshed
[2022-08-30 15:37:39.788][restartedMain][INFO ][com.ulisesbocchio.jasyptspringboot.caching.CachingDelegateEncryptablePropertySource]Property Source Config resource 'class path resource [application-web.properties]' via location 'optional:classpath:/' refreshed
[2022-08-30 15:37:39.788][restartedMain][INFO ][com.ulisesbocchio.jasyptspringboot.caching.CachingDelegateEncryptablePropertySource]Property Source Config resource 'class path resource [application-safeaa.properties]' via location 'optional:classpath:/' refreshed
[2022-08-30 15:37:39.789][restartedMain][INFO ][com.ulisesbocchio.jasyptspringboot.caching.CachingDelegateEncryptablePropertySource]Property Source Config resource 'class path resource [application-jms.properties]' via location 'optional:classpath:/' refreshed
[2022-08-30 15:37:39.791][restartedMain][INFO ][com.ulisesbocchio.jasyptspringboot.caching.CachingDelegateEncryptablePropertySource]Property Source Config resource 'class path resource [application-scheduler.properties]' via location 'optional:classpath:/' refreshed
[2022-08-30 15:37:39.792][restartedMain][INFO ][com.ulisesbocchio.jasyptspringboot.caching.CachingDelegateEncryptablePropertySource]Property Source Config resource 'class path resource [application-integration.properties]' via location 'optional:classpath:/' refreshed
[2022-08-30 15:37:39.792][restartedMain][INFO ][com.ulisesbocchio.jasyptspringboot.caching.CachingDelegateEncryptablePropertySource]Property Source Config resource 'class path resource [application-mybatis.properties]' via location 'optional:classpath:/' refreshed
[2022-08-30 15:37:39.793][restartedMain][INFO ][com.ulisesbocchio.jasyptspringboot.caching.CachingDelegateEncryptablePropertySource]Property Source Config resource 'class path resource [application.properties]' via location 'optional:classpath:/' refreshed
[2022-08-30 15:37:39.793][restartedMain][INFO ][com.ulisesbocchio.jasyptspringboot.caching.CachingDelegateEncryptablePropertySource]Property Source devtools refreshed
[2022-08-30 15:37:39.793][restartedMain][INFO ][com.ulisesbocchio.jasyptspringboot.EncryptablePropertySourceConverter]Converting PropertySource server.ports [org.springframework.core.env.MapPropertySource] to EncryptableMapPropertySourceWrapper
[2022-08-30 15:37:39.793][restartedMain][INFO ][com.ulisesbocchio.jasyptspringboot.EncryptablePropertySourceConverter]Skipping PropertySource configurationProperties [class org.springframework.boot.context.properties.source.ConfigurationPropertySourcesPropertySource
[2022-08-30 15:37:39.793][restartedMain][INFO ][com.ulisesbocchio.jasyptspringboot.EncryptablePropertySourceConverter]Skipping PropertySource servletConfigInitParams [class org.springframework.core.env.PropertySource$StubPropertySource
[2022-08-30 15:37:39.793][restartedMain][INFO ][com.ulisesbocchio.jasyptspringboot.EncryptablePropertySourceConverter]Converting PropertySource servletContextInitParams [org.springframework.web.context.support.ServletContextPropertySource] to EncryptableEnumerablePropertySourceWrapper
[2022-08-30 15:37:39.793][restartedMain][INFO ][com.ulisesbocchio.jasyptspringboot.EncryptablePropertySourceConverter]Converting PropertySource Management Server [org.springframework.boot.actuate.autoconfigure.web.server.ManagementContextAutoConfiguration$SameManagementContextConfiguration$1] to EncryptablePropertySourceWrapper
[2022-08-30 15:37:39.818][restartedMain][INFO ][GeneralLogger]Batch Job Base Configuration:
  spring.fep.batch.task.path = /home/syscom/fep-app/fep-batch-task
  spring.fep.batch.task.jarNameTemplate = fep-batch-task-{0}-1.0.0.jar

[2022-08-30 15:37:39.850][restartedMain][INFO ][GeneralLogger]FEP Configuration:
  spring.fep.systemid = FEP10
  spring.fep.t24.method.comparetota.enable = false
  spring.fep.server.url.atm = http://localhost:8080/atm/recv
  spring.fep.server.url.fisc.atm = http://localhost:8080/fisc/atm/recv
  spring.fep.service.url.inqueue11x1 = http://localhost:8082/inqueue/11X1
  spring.fep.restful.timeout = 30000
  spring.fep.batch.url.listScheduler = http://localhost:8084/batch/listScheduler
  spring.fep.batch.url.operateScheduler = http://localhost:8084/batch/operateScheduler
  spring.fep.server.protocol.atm = restful
  spring.fep.server.protocol.fisc.atm = restful

[2022-08-30 15:37:39.909][restartedMain][INFO ][GeneralLogger]DES Lib Configuration:
  applicationContext = org.springframework.boot.web.servlet.context.AnnotationConfigServletWebServerApplicationContext@277cf96e, started on Tue Aug 30 15:37:05 CST 2022
  spring.fep.deslib.enable = false
  spring.fep.deslib.atmagent.enable = false

[2022-08-30 15:37:39.974][restartedMain][INFO ][SyscomGeneralLogger]Safeaa Syscom Configruation:
  safeaa.config.culture = zh-TW
  safeaa.config.batchQueue = .private$batch_queue
  safeaa.config.applyTemplate = false

[2022-08-30 15:37:40.165][restartedMain][INFO ][com.syscom.fep.web.SyscomFepWebApplication]Started SyscomFepWebApplication in 37.436 seconds (JVM running for 39.575)
[2022-08-30 15:38:56.647][INFO ][FEPWebMessageLogger ]|||||||使用者帳號 = [admin]登陸
[2022-08-30 15:38:56.651][DEBUG][FEPWebMessageLogger ]|||||||Header : host , value : localhost:8081
[2022-08-30 15:38:56.651][DEBUG][FEPWebMessageLogger ]|||||||Header : connection , value : keep-alive
[2022-08-30 15:38:56.651][DEBUG][FEPWebMessageLogger ]|||||||Header : content-length , value : 60
[2022-08-30 15:38:56.651][DEBUG][FEPWebMessageLogger ]|||||||Header : cache-control , value : max-age=0
[2022-08-30 15:38:56.651][DEBUG][FEPWebMessageLogger ]|||||||Header : sec-ch-ua , value : "Chromium";v="104", " Not A;Brand";v="99", "Microsoft Edge";v="104"
[2022-08-30 15:38:56.651][DEBUG][FEPWebMessageLogger ]|||||||Header : sec-ch-ua-mobile , value : ?0
[2022-08-30 15:38:56.652][DEBUG][FEPWebMessageLogger ]|||||||Header : sec-ch-ua-platform , value : "Windows"
[2022-08-30 15:38:56.652][DEBUG][FEPWebMessageLogger ]|||||||Header : upgrade-insecure-requests , value : 1
[2022-08-30 15:38:56.652][DEBUG][FEPWebMessageLogger ]|||||||Header : origin , value : http://localhost:8081
[2022-08-30 15:38:56.652][DEBUG][FEPWebMessageLogger ]|||||||Header : content-type , value : application/x-www-form-urlencoded
[2022-08-30 15:38:56.652][DEBUG][FEPWebMessageLogger ]|||||||Header : user-agent , value : Mozilla/5.0 (Windows NT 10.0; Win64; x64) AppleWebKit/537.36 (KHTML, like Gecko) Chrome/104.0.5112.102 Safari/537.36 Edg/104.0.1293.70
[2022-08-30 15:38:56.652][DEBUG][FEPWebMessageLogger ]|||||||Header : accept , value : text/html,application/xhtml+xml,application/xml;q=0.9,image/webp,image/apng,*/*;q=0.8,application/signed-exchange;v=b3;q=0.9
[2022-08-30 15:38:56.652][DEBUG][FEPWebMessageLogger ]|||||||Header : sec-fetch-site , value : same-origin
[2022-08-30 15:38:56.652][DEBUG][FEPWebMessageLogger ]|||||||Header : sec-fetch-mode , value : navigate
[2022-08-30 15:38:56.652][DEBUG][FEPWebMessageLogger ]|||||||Header : sec-fetch-user , value : ?1
[2022-08-30 15:38:56.652][DEBUG][FEPWebMessageLogger ]|||||||Header : sec-fetch-dest , value : document
[2022-08-30 15:38:56.652][DEBUG][FEPWebMessageLogger ]|||||||Header : referer , value : http://localhost:8081/login
[2022-08-30 15:38:56.652][DEBUG][FEPWebMessageLogger ]|||||||Header : accept-encoding , value : gzip, deflate, br
[2022-08-30 15:38:56.652][DEBUG][FEPWebMessageLogger ]|||||||Header : accept-language , value : zh-TW,zh;q=0.9,en;q=0.8,en-GB;q=0.7,en-US;q=0.6
[2022-08-30 15:38:56.736][http-nio-8081-exec-7][DEBUG][com.syscom.safeaa.jdbc.DynamicDataSource]Determine current DataSource is [MASTER]
[2022-08-30 15:38:56.738][http-nio-8081-exec-7][INFO ][com.zaxxer.hikari.HikariDataSource]HikariPool-1 - Starting...
[2022-08-30 15:38:57.555][http-nio-8081-exec-7][INFO ][com.zaxxer.hikari.pool.PoolBase]HikariPool-1 - Driver does not support get/set network timeout for connections. (Receiver class net.sf.log4jdbc.ConnectionSpy does not define or inherit an implementation of the resolved method 'abstract int getNetworkTimeout()' of interface java.sql.Connection.)
[2022-08-30 15:38:57.592][http-nio-8081-exec-7][INFO ][com.zaxxer.hikari.HikariDataSource]HikariPool-1 - Start completed.
[2022-08-30 15:38:57.614][http-nio-8081-exec-7][DEBUG][com.syscom.safeaa.mybatis.extmapper.SyscomuserExtMapper.getSyscomuserInfo]==>  Preparing: SELECT a.IDNO, a.UserId, a.LogOnId, a.EMPID, a.EmployeeId, a.UserName, a.EmailAddress, a.Birthday, b.SSCODE, b.SSCODESalt, b.IsLogOn, b.IsLockout, b.SSCODEErrorCount, b.SSCODEFormat, b.FailedPswAnsAttemptCount FROM SyscomUser a INNER JOIN SyscomUserStatus b ON a.UserId = b.UserId WHERE a.LogOnId = ?
[2022-08-30 15:38:57.661][http-nio-8081-exec-7][DEBUG][com.syscom.safeaa.mybatis.extmapper.SyscomuserExtMapper.getSyscomuserInfo]==> Parameters: admin(String)
[2022-08-30 15:38:57.736][http-nio-8081-exec-7][DEBUG][jdbc.sqltiming] com.zaxxer.hikari.pool.ProxyPreparedStatement.execute(ProxyPreparedStatement.java:44)
1. SELECT a.IDNO, a.UserId, a.LogOnId, a.EMPID, a.EmployeeId, a.UserName, a.EmailAddress, a.Birthday, 
b.SSCODE, b.SSCODESalt, b.IsLogOn, b.IsLockout, b.SSCODEErrorCount, b.SSCODEFormat, b.FailedPswAnsAttemptCount 
FROM SyscomUser a INNER JOIN SyscomUserStatus b ON a.UserId = b.UserId WHERE a.LogOnId = 'admin' 
 {executed in 73 msec}
[2022-08-30 15:38:57.797][http-nio-8081-exec-7][DEBUG][com.syscom.safeaa.mybatis.extmapper.SyscomuserExtMapper.getSyscomuserInfo]<==      Total: 1
[2022-08-30 15:38:57.809][http-nio-8081-exec-7][DEBUG][com.syscom.safeaa.jdbc.DynamicDataSource]Determine current DataSource is [MASTER]
[2022-08-30 15:38:57.810][http-nio-8081-exec-7][DEBUG][com.syscom.safeaa.mybatis.mapper.SyscomuserMapper.selectByPrimaryKey]==>  Preparing: select USERID, LOGONID, USERNAME, EMPLOYEEID, IDNO, BIRTHDAY, EFFECTDATE, EXPIREDDATE, EMAILADDRESS, UPDATEUSERID, UPDATETIME, EMPID from SYSCOMUSER where USERID = ?
[2022-08-30 15:38:57.810][http-nio-8081-exec-7][DEBUG][com.syscom.safeaa.mybatis.mapper.SyscomuserMapper.selectByPrimaryKey]==> Parameters: 1(Integer)
[2022-08-30 15:38:57.840][http-nio-8081-exec-7][DEBUG][jdbc.sqltiming] com.zaxxer.hikari.pool.ProxyPreparedStatement.execute(ProxyPreparedStatement.java:44)
1. select USERID, LOGONID, USERNAME, EMPLOYEEID, IDNO, BIRTHDAY, EFFECTDATE, EXPIREDDATE, EMAILADDRESS, 
UPDATEUSERID, UPDATETIME, EMPID from SYSCOMUSER where USERID = 1 
 {executed in 30 msec}
[2022-08-30 15:38:57.861][http-nio-8081-exec-7][DEBUG][com.syscom.safeaa.mybatis.mapper.SyscomuserMapper.selectByPrimaryKey]<==      Total: 1
[2022-08-30 15:38:57.863][http-nio-8081-exec-7][DEBUG][com.syscom.safeaa.jdbc.DynamicDataSource]Determine current DataSource is [MASTER]
[2022-08-30 15:38:57.864][http-nio-8081-exec-7][DEBUG][com.syscom.safeaa.mybatis.mapper.SyscomuserstatusMapper.selectByPrimaryKey]==>  Preparing: select USERID, LOGONTIME, LOGONIP, ISLOGON, LOGONCHANGESSCODE, LASTSSCODECHANGETIME, SSCODEERRORCOUNT, LASTLOGONTIME, LASTLOGONIP, LASTLOGOFFTIME, SSCODE, SSCODEFORMAT, SSCODESALT, PKISERIALNO, SSCODEHINTQUESTION, SSCODEHINTANSWER, FAILEDPSWANSATTEMPTCOUNT, ISLOCKOUT, LASTLOCKOUTTIME, FAILEDPSWATTEMPTTIME, FAILEDPSWANSATTEMPTTIME, SSCODEEFFECTDATE, APDEFINE1, APDEFINE2 from SYSCOMUSERSTATUS where USERID = ?
[2022-08-30 15:38:57.865][http-nio-8081-exec-7][DEBUG][com.syscom.safeaa.mybatis.mapper.SyscomuserstatusMapper.selectByPrimaryKey]==> Parameters: 1(Integer)
[2022-08-30 15:38:57.897][http-nio-8081-exec-7][DEBUG][jdbc.sqltiming] com.zaxxer.hikari.pool.ProxyPreparedStatement.execute(ProxyPreparedStatement.java:44)
1. select USERID, LOGONTIME, LOGONIP, ISLOGON, LOGONCHANGESSCODE, LASTSSCODECHANGETIME, SSCODEERRORCOUNT, 
LASTLOGONTIME, LASTLOGONIP, LASTLOGOFFTIME, SSCODE, SSCODEFORMAT, SSCODESALT, PKISERIALNO, 
SSCODEHINTQUESTION, SSCODEHINTANSWER, FAILEDPSWANSATTEMPTCOUNT, ISLOCKOUT, LASTLOCKOUTTIME, 
FAILEDPSWATTEMPTTIME, FAILEDPSWANSATTEMPTTIME, SSCODEEFFECTDATE, APDEFINE1, APDEFINE2 from 
SYSCOMUSERSTATUS where USERID = 1 
 {executed in 32 msec}
[2022-08-30 15:38:57.947][http-nio-8081-exec-7][DEBUG][com.syscom.safeaa.mybatis.mapper.SyscomuserstatusMapper.selectByPrimaryKey]<==      Total: 1
[2022-08-30 15:38:57.950][http-nio-8081-exec-7][DEBUG][com.syscom.safeaa.jdbc.DynamicDataSource]Determine current DataSource is [MASTER]
[2022-08-30 15:38:57.950][http-nio-8081-exec-7][DEBUG][com.syscom.safeaa.mybatis.extmapper.SyscompolicyExtMapper.queryAllData]==>  Preparing: select POLICYID, POLICYNO, ALLOWLOCAL, GETVALUETYPE, DEFAULTPOLICYVALUE, INVALIDMESSAGEID, EFFECTDATE, EXPIREDDATE, UPDATEUSERID, UPDATETIME from SYSCOMPOLICY
[2022-08-30 15:38:57.951][http-nio-8081-exec-7][DEBUG][com.syscom.safeaa.mybatis.extmapper.SyscompolicyExtMapper.queryAllData]==> Parameters: 
[2022-08-30 15:38:58.002][http-nio-8081-exec-7][DEBUG][jdbc.sqltiming] com.zaxxer.hikari.pool.ProxyPreparedStatement.execute(ProxyPreparedStatement.java:44)
1. select POLICYID, POLICYNO, ALLOWLOCAL, GETVALUETYPE, DEFAULTPOLICYVALUE, INVALIDMESSAGEID, 
EFFECTDATE, EXPIREDDATE, UPDATEUSERID, UPDATETIME from SYSCOMPOLICY 
 {executed in 50 msec}
[2022-08-30 15:38:58.043][http-nio-8081-exec-7][DEBUG][com.syscom.safeaa.mybatis.extmapper.SyscompolicyExtMapper.queryAllData]<==      Total: 26
[2022-08-30 15:38:58.050][http-nio-8081-exec-7][DEBUG][com.syscom.safeaa.jdbc.DynamicDataSource]Determine current DataSource is [MASTER]
[2022-08-30 15:38:58.050][http-nio-8081-exec-7][DEBUG][com.syscom.safeaa.mybatis.mapper.SyscomauditlogMapper.insert]==>  Preparing: insert into SYSCOMAUDITLOG (LOGID, USERID, UPDATETIME, AUDITTYPE, RESULT, AUDITTARGET, UPDATELOGONIP, APPLICATIONID, INCLUDEPERSONALDATA, REMARK, APDEFINE1, APDEFINE2 ) values (?, ?, ?, ?, ?, ?, ?, ?, ?, ?, ?, ? )
[2022-08-30 15:38:58.052][http-nio-8081-exec-7][DEBUG][com.syscom.safeaa.mybatis.mapper.SyscomauditlogMapper.insert]==> Parameters: a275b3ef-993c-4fe2-a33f-35441becb47b(String), 1(Integer), 2022-08-30 15:38:58.049(Timestamp), 4(Integer), 1(Short), (String), 0:0:0:0:0:0:0:1(String), null, null, null, null, null
[2022-08-30 15:38:58.054][SafeaaInsertAuditTrailThread][WARN ][SyscomGeneralLogger][SafeaaAuditTrailInterceptor.process], mapper: com.syscom.safeaa.mybatis.mapper.SyscomauditlogMapper.insert, cannot insert audit trail for method "insert"
[2022-08-30 15:38:58.084][http-nio-8081-exec-7][DEBUG][jdbc.sqltiming] com.zaxxer.hikari.pool.ProxyPreparedStatement.execute(ProxyPreparedStatement.java:44)
1. insert into SYSCOMAUDITLOG (LOGID, USERID, UPDATETIME, AUDITTYPE, RESULT, AUDITTARGET, UPDATELOGONIP, 
APPLICATIONID, INCLUDEPERSONALDATA, REMARK, APDEFINE1, APDEFINE2 ) values ('a275b3ef-993c-4fe2-a33f-35441becb47b', 
1, '08/30/2022 15:38:58.049', 4, 1, '', '0:0:0:0:0:0:0:1', NULL, NULL, NULL, NULL, NULL ) 
 {executed in 31 msec}
[2022-08-30 15:38:58.084][http-nio-8081-exec-7][DEBUG][com.syscom.safeaa.mybatis.mapper.SyscomauditlogMapper.insert]<==    Updates: 1
[2022-08-30 15:38:58.085][http-nio-8081-exec-7][DEBUG][com.syscom.safeaa.jdbc.DynamicDataSource]Determine current DataSource is [MASTER]
[2022-08-30 15:38:58.085][http-nio-8081-exec-7][DEBUG][com.syscom.safeaa.mybatis.mapper.SyscomuserstatusMapper.updateByPrimaryKey]==>  Preparing: update SYSCOMUSERSTATUS set LOGONTIME = ?, LOGONIP = ?, ISLOGON = ?, LOGONCHANGESSCODE = ?, LASTSSCODECHANGETIME = ?, SSCODEERRORCOUNT = ?, LASTLOGONTIME = ?, LASTLOGONIP = ?, LASTLOGOFFTIME = ?, SSCODE = ?, SSCODEFORMAT = ?, SSCODESALT = ?, PKISERIALNO = ?, SSCODEHINTQUESTION = ?, SSCODEHINTANSWER = ?, FAILEDPSWANSATTEMPTCOUNT = ?, ISLOCKOUT = ?, LASTLOCKOUTTIME = ?, FAILEDPSWATTEMPTTIME = ?, FAILEDPSWANSATTEMPTTIME = ?, SSCODEEFFECTDATE = ?, APDEFINE1 = ?, APDEFINE2 = ? where USERID = ?
[2022-08-30 15:38:58.086][SafeaaInsertAuditTrailThread][WARN ][SyscomGeneralLogger][SafeaaAuditTrailInterceptor.process]class java.lang.Long cannot be cast to class java.lang.Integer (java.lang.Long and java.lang.Integer are in module java.base of loader 'bootstrap')
[2022-08-30 15:38:58.087][http-nio-8081-exec-7][DEBUG][com.syscom.safeaa.mybatis.mapper.SyscomuserstatusMapper.updateByPrimaryKey]==> Parameters: 2022-08-30 15:38:58.084(Timestamp), 0:0:0:0:0:0:0:1(String), 1(Short), 0(Short), 2022-08-10 17:58:15.115(Timestamp), 0(Integer), 2022-08-30 15:00:15.892(Timestamp), 127.0.0.1(String), 2021-06-29 11:11:08.31(Timestamp), e10adc3949ba59abbe56e057f20f883e(String), 1(Integer),  (String),  (String),  (String),  (String), 0(Integer), 0(Short), 2021-08-25 14:14:16.135(Timestamp), 2021-07-02 13:58:19.817(Timestamp), 2019-10-02 15:09:03.38(Timestamp), 2021-08-25 15:56:15.909(Timestamp), null, null, 1(Integer)
[2022-08-30 15:38:58.137][http-nio-8081-exec-7][DEBUG][jdbc.sqltiming] com.zaxxer.hikari.pool.ProxyPreparedStatement.execute(ProxyPreparedStatement.java:44)
1. update SYSCOMUSERSTATUS set LOGONTIME = '08/30/2022 15:38:58.084', LOGONIP = '0:0:0:0:0:0:0:1', 
ISLOGON = 1, LOGONCHANGESSCODE = 0, LASTSSCODECHANGETIME = '08/10/2022 17:58:15.115', SSCODEERRORCOUNT 
= 0, LASTLOGONTIME = '08/30/2022 15:00:15.892', LASTLOGONIP = '127.0.0.1', LASTLOGOFFTIME = 
'06/29/2021 11:11:08.310', SSCODE = 'e10adc3949ba59abbe56e057f20f883e', SSCODEFORMAT = 1, SSCODESALT 
= ' ', PKISERIALNO = ' ', SSCODEHINTQUESTION = ' ', SSCODEHINTANSWER = ' ', FAILEDPSWANSATTEMPTCOUNT 
= 0, ISLOCKOUT = 0, LASTLOCKOUTTIME = '08/25/2021 14:14:16.135', FAILEDPSWATTEMPTTIME = '07/02/2021 
13:58:19.817', FAILEDPSWANSATTEMPTTIME = '10/02/2019 15:09:03.380', SSCODEEFFECTDATE = '08/25/2021 
15:56:15.909', APDEFINE1 = NULL, APDEFINE2 = NULL where USERID = 1 
 {executed in 49 msec}
[2022-08-30 15:38:58.139][http-nio-8081-exec-7][DEBUG][com.syscom.safeaa.mybatis.mapper.SyscomuserstatusMapper.updateByPrimaryKey]<==    Updates: 1
[2022-08-30 15:38:58.142][http-nio-8081-exec-7][DEBUG][com.syscom.safeaa.jdbc.DynamicDataSource]Determine current DataSource is [MASTER]
[2022-08-30 15:38:58.143][http-nio-8081-exec-7][DEBUG][com.syscom.safeaa.mybatis.extmapper.SyscomuserExtMapper.getSyscomuserInfo]==>  Preparing: SELECT a.IDNO, a.UserId, a.LogOnId, a.EMPID, a.EmployeeId, a.UserName, a.EmailAddress, a.Birthday, b.SSCODE, b.SSCODESalt, b.IsLogOn, b.IsLockout, b.SSCODEErrorCount, b.SSCODEFormat, b.FailedPswAnsAttemptCount FROM SyscomUser a INNER JOIN SyscomUserStatus b ON a.UserId = b.UserId WHERE a.LogOnId = ?
[2022-08-30 15:38:58.144][http-nio-8081-exec-7][DEBUG][com.syscom.safeaa.mybatis.extmapper.SyscomuserExtMapper.getSyscomuserInfo]==> Parameters: admin(String)
[2022-08-30 15:38:58.193][http-nio-8081-exec-7][DEBUG][jdbc.sqltiming] com.zaxxer.hikari.pool.ProxyPreparedStatement.execute(ProxyPreparedStatement.java:44)
1. SELECT a.IDNO, a.UserId, a.LogOnId, a.EMPID, a.EmployeeId, a.UserName, a.EmailAddress, a.Birthday, 
b.SSCODE, b.SSCODESalt, b.IsLogOn, b.IsLockout, b.SSCODEErrorCount, b.SSCODEFormat, b.FailedPswAnsAttemptCount 
FROM SyscomUser a INNER JOIN SyscomUserStatus b ON a.UserId = b.UserId WHERE a.LogOnId = 'admin' 
 {executed in 47 msec}
[2022-08-30 15:38:58.233][http-nio-8081-exec-7][DEBUG][com.syscom.safeaa.mybatis.extmapper.SyscomuserExtMapper.getSyscomuserInfo]<==      Total: 1
[2022-08-30 15:38:58.236][DEBUG][FEPWebMessageLogger ]|||||||Header : host , value : localhost:8081
[2022-08-30 15:38:58.236][DEBUG][FEPWebMessageLogger ]|||||||Header : connection , value : keep-alive
[2022-08-30 15:38:58.236][DEBUG][FEPWebMessageLogger ]|||||||Header : content-length , value : 60
[2022-08-30 15:38:58.236][DEBUG][FEPWebMessageLogger ]|||||||Header : cache-control , value : max-age=0
[2022-08-30 15:38:58.236][DEBUG][FEPWebMessageLogger ]|||||||Header : sec-ch-ua , value : "Chromium";v="104", " Not A;Brand";v="99", "Microsoft Edge";v="104"
[2022-08-30 15:38:58.236][DEBUG][FEPWebMessageLogger ]|||||||Header : sec-ch-ua-mobile , value : ?0
[2022-08-30 15:38:58.236][DEBUG][FEPWebMessageLogger ]|||||||Header : sec-ch-ua-platform , value : "Windows"
[2022-08-30 15:38:58.236][DEBUG][FEPWebMessageLogger ]|||||||Header : upgrade-insecure-requests , value : 1
[2022-08-30 15:38:58.236][DEBUG][FEPWebMessageLogger ]|||||||Header : origin , value : http://localhost:8081
[2022-08-30 15:38:58.236][DEBUG][FEPWebMessageLogger ]|||||||Header : content-type , value : application/x-www-form-urlencoded
[2022-08-30 15:38:58.236][DEBUG][FEPWebMessageLogger ]|||||||Header : user-agent , value : Mozilla/5.0 (Windows NT 10.0; Win64; x64) AppleWebKit/537.36 (KHTML, like Gecko) Chrome/104.0.5112.102 Safari/537.36 Edg/104.0.1293.70
[2022-08-30 15:38:58.237][DEBUG][FEPWebMessageLogger ]|||||||Header : accept , value : text/html,application/xhtml+xml,application/xml;q=0.9,image/webp,image/apng,*/*;q=0.8,application/signed-exchange;v=b3;q=0.9
[2022-08-30 15:38:58.237][DEBUG][FEPWebMessageLogger ]|||||||Header : sec-fetch-site , value : same-origin
[2022-08-30 15:38:58.237][DEBUG][FEPWebMessageLogger ]|||||||Header : sec-fetch-mode , value : navigate
[2022-08-30 15:38:58.237][DEBUG][FEPWebMessageLogger ]|||||||Header : sec-fetch-user , value : ?1
[2022-08-30 15:38:58.237][DEBUG][FEPWebMessageLogger ]|||||||Header : sec-fetch-dest , value : document
[2022-08-30 15:38:58.237][DEBUG][FEPWebMessageLogger ]|||||||Header : referer , value : http://localhost:8081/login
[2022-08-30 15:38:58.237][DEBUG][FEPWebMessageLogger ]|||||||Header : accept-encoding , value : gzip, deflate, br
[2022-08-30 15:38:58.237][DEBUG][FEPWebMessageLogger ]|||||||Header : accept-language , value : zh-TW,zh;q=0.9,en;q=0.8,en-GB;q=0.7,en-US;q=0.6
[2022-08-30 15:38:58.241][http-nio-8081-exec-7][DEBUG][com.syscom.safeaa.jdbc.DynamicDataSource]Determine current DataSource is [MASTER]
[2022-08-30 15:38:58.242][http-nio-8081-exec-7][DEBUG][com.syscom.safeaa.mybatis.extmapper.SyscomuserExtMapper.querySyscomresourceByLogOnId]==>  Preparing: SELECT * FROM ( SELECT USR.USERID, -- 用戶ID USR.LOGONID, -- 登錄ID USR.USERNAME, -- 用戶名 SRM.ROLEID, -- 角色ID SRC.ROLENAME, -- 角色名 0 AS RESOURCEPID, -- 菜單父ID NULL AS RESOURCEPNO, -- 菜單NO SRG.GROUPID AS RESOURCEID, -- 菜單ID SGC.GROUPNAME AS RESOURCENAME, -- 菜單名 SG.GROUPURL AS RESOURCEURL, -- 菜單URL SG.LOCATIONNO AS LOCATIONNOG , 0 AS LOCATIONNOR FROM SYSCOMUSER USR INNER JOIN SYSCOMUSERSTATUS STA ON STA.USERID = USR.USERID LEFT JOIN SYSCOMROLEMEMBERS SRM ON SRM.CHILDID = USR.USERID AND SRM.CHILDTYPE = 'U' LEFT JOIN SYSCOMROLECULTURE SRC ON SRC.ROLEID = SRM.ROLEID LEFT JOIN SYSCOMROLEGROUP SRG ON SRG.ROLEID = SRM.ROLEID LEFT JOIN SYSCOMGROUP SG ON SG.GROUPID = SRG.GROUPID LEFT JOIN SYSCOMGROUPCULTURE SGC ON SGC.GROUPID = SRG.GROUPID WHERE USR.LOGONID = ? AND NOT SRG.GROUPID IS NULL UNION SELECT USR.USERID, -- 用戶ID USR.LOGONID, -- 登錄ID USR.USERNAME, -- 用戶名 SRM.ROLEID, -- 角色ID SRC.ROLENAME, -- 角色名 SGM.GROUPID AS RESOURCEPID, -- 菜單父ID SS.RESOURCENO, -- 菜單NO SRR.RESOURCEID , -- 菜單ID SGC.RESOURCENAME , -- 菜單名 SS.RESOURCEURL, -- 菜單URL 99999 AS LOCATIONNOG, SGM.LOCATIONNO AS LOCATIONNOR FROM SYSCOMUSER USR INNER JOIN SYSCOMUSERSTATUS STA ON STA.USERID = USR.USERID LEFT JOIN SYSCOMROLEMEMBERS SRM ON SRM.CHILDID = USR.USERID AND SRM.CHILDTYPE = 'U' LEFT JOIN SYSCOMROLECULTURE SRC ON SRC.ROLEID = SRM.ROLEID LEFT JOIN SYSCOMROLERESOURCE SRR ON SRR.ROLEID = SRM.ROLEID LEFT JOIN SYSCOMRESOURCE SS ON SS.RESOURCEID = SRR.RESOURCEID LEFT JOIN SYSCOMRESOURCECULTURE SGC ON SGC.RESOURCEID = SRR.RESOURCEID LEFT JOIN SYSCOMGROUPMEMBERS SGM ON SGM.CHILDID = SRR.RESOURCEID WHERE USR.LOGONID = ? AND NOT SRR.RESOURCEID IS NULL ) ORDER BY LOCATIONNOG, LOCATIONNOR
[2022-08-30 15:38:58.244][http-nio-8081-exec-7][DEBUG][com.syscom.safeaa.mybatis.extmapper.SyscomuserExtMapper.querySyscomresourceByLogOnId]==> Parameters: admin(String), admin(String)
[2022-08-30 15:38:58.345][http-nio-8081-exec-7][DEBUG][jdbc.sqltiming] com.zaxxer.hikari.pool.ProxyPreparedStatement.execute(ProxyPreparedStatement.java:44)
1. SELECT * FROM ( SELECT USR.USERID, -- 用戶ID USR.LOGONID, -- 登錄ID USR.USERNAME, -- 用戶名 SRM.ROLEID, 
-- 角色ID SRC.ROLENAME, -- 角色名 0 AS RESOURCEPID, -- 菜單父ID NULL AS RESOURCEPNO, -- 菜單NO SRG.GROUPID 
AS RESOURCEID, -- 菜單ID SGC.GROUPNAME AS RESOURCENAME, -- 菜單名 SG.GROUPURL AS RESOURCEURL, -- 
菜單URL SG.LOCATIONNO AS LOCATIONNOG , 0 AS LOCATIONNOR FROM SYSCOMUSER USR INNER JOIN SYSCOMUSERSTATUS 
STA ON STA.USERID = USR.USERID LEFT JOIN SYSCOMROLEMEMBERS SRM ON SRM.CHILDID = USR.USERID 
AND SRM.CHILDTYPE = 'U' LEFT JOIN SYSCOMROLECULTURE SRC ON SRC.ROLEID = SRM.ROLEID LEFT JOIN 
SYSCOMROLEGROUP SRG ON SRG.ROLEID = SRM.ROLEID LEFT JOIN SYSCOMGROUP SG ON SG.GROUPID = SRG.GROUPID 
LEFT JOIN SYSCOMGROUPCULTURE SGC ON SGC.GROUPID = SRG.GROUPID WHERE USR.LOGONID = 'admin' AND 
NOT SRG.GROUPID IS NULL UNION SELECT USR.USERID, -- 用戶ID USR.LOGONID, -- 登錄ID USR.USERNAME, 
-- 用戶名 SRM.ROLEID, -- 角色ID SRC.ROLENAME, -- 角色名 SGM.GROUPID AS RESOURCEPID, -- 菜單父ID SS.RESOURCENO, 
-- 菜單NO SRR.RESOURCEID , -- 菜單ID SGC.RESOURCENAME , -- 菜單名 SS.RESOURCEURL, -- 菜單URL 99999 AS 
LOCATIONNOG, SGM.LOCATIONNO AS LOCATIONNOR FROM SYSCOMUSER USR INNER JOIN SYSCOMUSERSTATUS 
STA ON STA.USERID = USR.USERID LEFT JOIN SYSCOMROLEMEMBERS SRM ON SRM.CHILDID = USR.USERID 
AND SRM.CHILDTYPE = 'U' LEFT JOIN SYSCOMROLECULTURE SRC ON SRC.ROLEID = SRM.ROLEID LEFT JOIN 
SYSCOMROLERESOURCE SRR ON SRR.ROLEID = SRM.ROLEID LEFT JOIN SYSCOMRESOURCE SS ON SS.RESOURCEID 
= SRR.RESOURCEID LEFT JOIN SYSCOMRESOURCECULTURE SGC ON SGC.RESOURCEID = SRR.RESOURCEID LEFT 
JOIN SYSCOMGROUPMEMBERS SGM ON SGM.CHILDID = SRR.RESOURCEID WHERE USR.LOGONID = 'admin' AND 
NOT SRR.RESOURCEID IS NULL ) ORDER BY LOCATIONNOG, LOCATIONNOR 
 {executed in 99 msec}
[2022-08-30 15:38:58.405][http-nio-8081-exec-7][DEBUG][com.syscom.safeaa.mybatis.extmapper.SyscomuserExtMapper.querySyscomresourceByLogOnId]<==      Total: 96
[2022-08-30 15:38:58.418][http-nio-8081-exec-7][DEBUG][com.syscom.fep.frmcommon.jdbc.DynamicDataSource]Determine current DataSource is [MASTER]
[2022-08-30 15:38:58.419][http-nio-8081-exec-7][DEBUG][com.syscom.fep.mybatis.mapper.FepuserMapper.selectByPrimaryKey]==>  Preparing: select FEPUSER_USERID, FEPUSER_LOGONID, FEPUSER_BRNO, FEPUSER_BRNO_ST, FEPUSER_TLRNO, FEPUSER_NAME, FEPUSER_JOB, FEPUSER_GROUP, FEPUSER_LU_DATE, FEPUSER_LU_TIME, FEPUSER_STATUS, UPDATE_USERID, UPDATE_TIME, USER_UPDATE_TIME, FEPUSER_BOSS, FEPUSER_LEVEL from FEPUSER where FEPUSER_USERID = ?
[2022-08-30 15:38:58.420][http-nio-8081-exec-7][DEBUG][com.syscom.fep.mybatis.mapper.FepuserMapper.selectByPrimaryKey]==> Parameters: 1(Integer)
[2022-08-30 15:38:58.452][http-nio-8081-exec-7][DEBUG][jdbc.sqltiming] com.zaxxer.hikari.pool.ProxyPreparedStatement.execute(ProxyPreparedStatement.java:44)
1. select FEPUSER_USERID, FEPUSER_LOGONID, FEPUSER_BRNO, FEPUSER_BRNO_ST, FEPUSER_TLRNO, FEPUSER_NAME, 
FEPUSER_JOB, FEPUSER_GROUP, FEPUSER_LU_DATE, FEPUSER_LU_TIME, FEPUSER_STATUS, UPDATE_USERID, 
UPDATE_TIME, USER_UPDATE_TIME, FEPUSER_BOSS, FEPUSER_LEVEL from FEPUSER where FEPUSER_USERID 
= 1 
 {executed in 31 msec}
[2022-08-30 15:38:58.477][http-nio-8081-exec-7][DEBUG][com.syscom.fep.mybatis.mapper.FepuserMapper.selectByPrimaryKey]<==      Total: 1
[2022-08-30 15:38:58.478][INFO ][FEPWebMessageLogger ]|1|admin|0:0:0:0:0:0:0:1||||redirect to [/home]
[2022-08-30 15:39:07.211][INFO ][FEPWebMessageLogger ]|1|admin|0:0:0:0:0:0:0:1|批次設定管理|batch/UI_000100|/39/batch/UI_000100/index|用戶訪問頁面, 功能名稱 = [批次設定管理], 視圖名稱 = [batch/UI_000100], 鏈接 = [/39/batch/UI_000100/index]
[2022-08-30 15:39:07.217][INFO ][FEPWebMessageLogger ]|1|admin|0:0:0:0:0:0:0:1|批次設定管理|batch/UI_000100|/39/batch/UI_000100/index|查詢數據, 條件 = [UI_000100_Form[batchId=<null>,batchName=<null>,isRedirectFromPageChanged=false,pageNum=1,pageSize=20,sqlSortExpressionList=[],url=/batch/UI_000100/queryClick]]
[2022-08-30 15:39:07.226][http-nio-8081-exec-1][DEBUG][com.syscom.fep.frmcommon.jdbc.DynamicDataSource]Determine current DataSource is [MASTER]
[2022-08-30 15:39:07.382][http-nio-8081-exec-1][DEBUG][com.syscom.fep.frmcommon.jdbc.DynamicDataSource]Determine current DataSource is [MASTER]
[2022-08-30 15:39:07.382][http-nio-8081-exec-1][DEBUG][com.syscom.fep.mybatis.ext.mapper.BatchExtMapper.getAllBatch_COUNT]==>  Preparing: SELECT count(0) FROM BATCH LEFT JOIN JOBS ON BATCH.BATCH_STARTJOBID = JOBS.JOBS_JOBID WHERE BATCH.BATCH_SUBSYS IN (?, ?, ?, ?, ?, ?, ?, ?, ?, ?, ?, ?, ?, ?)
[2022-08-30 15:39:07.383][http-nio-8081-exec-1][DEBUG][com.syscom.fep.mybatis.ext.mapper.BatchExtMapper.getAllBatch_COUNT]==> Parameters: 1(String), 2(String), 3(String), 4(String), 5(String), 6(String), 7(String), 8(String), 9(String), 10(String), 11(String), 12(String), 13(String), 14(String)
[2022-08-30 15:39:07.434][http-nio-8081-exec-1][DEBUG][jdbc.sqltiming] com.zaxxer.hikari.pool.ProxyPreparedStatement.execute(ProxyPreparedStatement.java:44)
1. SELECT count(0) FROM BATCH LEFT JOIN JOBS ON BATCH.BATCH_STARTJOBID = JOBS.JOBS_JOBID WHERE 
BATCH.BATCH_SUBSYS IN ('1', '2', '3', '4', '5', '6', '7', '8', '9', '10', '11', '12', '13', 
'14') 
 {executed in 50 msec}
[2022-08-30 15:39:07.482][http-nio-8081-exec-1][DEBUG][com.syscom.fep.mybatis.ext.mapper.BatchExtMapper.getAllBatch_COUNT]<==      Total: 1
[2022-08-30 15:39:07.487][http-nio-8081-exec-1][DEBUG][com.syscom.fep.mybatis.ext.mapper.BatchExtMapper.getAllBatch]==>  Preparing: SELECT * FROM (SELECT TMP_PAGE.*,ROWNUMBER() OVER() AS PAGEHELPER_ROW_ID FROM ( SELECT BATCH.*,JOBS_NAME FROM BATCH LEFT JOIN JOBS ON BATCH.BATCH_STARTJOBID = JOBS.JOBS_JOBID WHERE BATCH.BATCH_SUBSYS IN ( ? , ? , ? , ? , ? , ? , ? , ? , ? , ? , ? , ? , ? , ? ) ORDER BY BATCH_NAME ) AS TMP_PAGE) TMP_PAGE WHERE PAGEHELPER_ROW_ID BETWEEN ? AND ?
[2022-08-30 15:39:07.488][http-nio-8081-exec-1][DEBUG][com.syscom.fep.mybatis.ext.mapper.BatchExtMapper.getAllBatch]==> Parameters: 1(String), 2(String), 3(String), 4(String), 5(String), 6(String), 7(String), 8(String), 9(String), 10(String), 11(String), 12(String), 13(String), 14(String), 1(Long), 20(Long)
[2022-08-30 15:39:07.553][http-nio-8081-exec-1][DEBUG][jdbc.sqltiming] com.zaxxer.hikari.pool.ProxyPreparedStatement.execute(ProxyPreparedStatement.java:44)
1. SELECT * FROM (SELECT TMP_PAGE.*,ROWNUMBER() OVER() AS PAGEHELPER_ROW_ID FROM ( SELECT BATCH.*,JOBS_NAME 
FROM BATCH LEFT JOIN JOBS ON BATCH.BATCH_STARTJOBID = JOBS.JOBS_JOBID WHERE BATCH.BATCH_SUBSYS 
IN ( '1' , '2' , '3' , '4' , '5' , '6' , '7' , '8' , '9' , '10' , '11' , '12' , '13' , '14' 
) ORDER BY BATCH_NAME ) AS TMP_PAGE) TMP_PAGE WHERE PAGEHELPER_ROW_ID BETWEEN 1 AND 20 
 {executed in 64 msec}
[2022-08-30 15:39:07.700][http-nio-8081-exec-1][DEBUG][com.syscom.fep.mybatis.ext.mapper.BatchExtMapper.getAllBatch]<==      Total: 20
[2022-08-30 15:39:07.703][DEBUG][FEPWebMessageLogger ]|1|admin|0:0:0:0:0:0:0:1|批次設定管理|batch/UI_000100|/39/batch/UI_000100/index|服務端響應用戶請求, modelAndView = [ModelAndView [view="batch/UI_000100"; model={form=UI_000100_Form[batchId=<null>,batchName=<null>,isRedirectFromPageChanged=false,pageNum=1,pageSize=20,sqlSortExpressionList=[],url=/batch/UI_000100/queryClick], pageData=PageInfo{pageNum=1, pageSize=20, size=20, startRow=1, endRow=20, total=32, pages=2, list=Page{count=true, pageNum=1, pageSize=20, startRow=0, endRow=20, total=32, pages=2, reasonable=false, pageSizeZero=true}[{BATCH_SCHEDULE_REPETITIONINDURATION=0, BATCH_CHECKBUSINESSDATE=0, BATCH_ENABLE=1, BATCH_ZONE=TWN, PAGEHELPER_ROW_ID=1, BATCH_NEXTRUNTIME=2023-01-01 08:00:00.0, BATCH_SCHEDULE_WEEKDAYS=0, BATCH_SUBSYS=9, BATCH_NOTIFYTYPE=0, BATCH_STARTJOBID=983, BATCH_SCHEDULE_WEEKINTERVAL=0, BATCH_SCHEDULE_MONTHS=0, BATCH_SCHEDULE_MONTHDAYS=0, BATCH_SCHEDULE_DAYINTERVAL=0, BATCH_DESCRIPTION=備份網站記錄檔, BATCH_SCHEDULE_TYPE= , BATCH_ACTION=null, BATCH_RESULT=0, BATCH_BATCHID=352, BATCH_SCHEDULE=0, BATCH_STARTGROUP=A1111,M001,M002,M003,M004,M005,M006,M007,M008,M009,M011,M012,M11,S001,SUPER,TEST01,TTT, BATCH_EDITGROUP=, BATCH_CURRENTID=c1c1c5c4-514c-460d-ba0f-a4f2c02cc686, JOBS_NAME=ImportMERCHANT, BATCH_SCHEDULE_STARTTIME=null, BATCH_NOTIFYMAIL=null, BATCH_SCHEDULE_WHICKWEEKS=null, BATCH_SCHEDULE_REPETITIONINTERVAL=0, BATCH_LASTRUNTIME=2022-03-31 08:00:00.507, BATCH_SINGLETIME=0, BATCH_NAME=Archive WebAudit}, {BATCH_SCHEDULE_REPETITIONINDURATION=0, BATCH_CHECKBUSINESSDATE=0, BATCH_ENABLE=1, BATCH_ZONE=TWN, PAGEHELPER_ROW_ID=2, BATCH_NEXTRUNTIME=null, BATCH_SCHEDULE_WEEKDAYS=0, BATCH_SUBSYS=3, BATCH_NOTIFYTYPE=0, BATCH_STARTJOBID=859, BATCH_SCHEDULE_WEEKINTERVAL=0, BATCH_SCHEDULE_MONTHS=0, BATCH_SCHEDULE_MONTHDAYS=0, BATCH_SCHEDULE_DAYINTERVAL=0, BATCH_DESCRIPTION=至不同地區的資料庫撈取TBDAY檔再寫入FEP BSDAYS檔的批次並產生差異報表, BATCH_SCHEDULE_TYPE= , BATCH_ACTION=null, BATCH_RESULT=1, BATCH_BATCHID=430, BATCH_SCHEDULE=0, BATCH_STARTGROUP=M001,SUPER, BATCH_EDITGROUP=null, BATCH_CURRENTID=2088dcfe-1036-497c-9648-c61985b70b4b, JOBS_NAME=null, BATCH_SCHEDULE_STARTTIME=null, BATCH_NOTIFYMAIL=null, BATCH_SCHEDULE_WHICKWEEKS=null, BATCH_SCHEDULE_REPETITIONINTERVAL=0, BATCH_LASTRUNTIME=2020-12-14 16:00:52.26, BATCH_SINGLETIME=0, BATCH_NAME=ATMP_ImportBSDAYS}, {BATCH_SCHEDULE_REPETITIONINDURATION=0, BATCH_CHECKBUSINESSDATE=0, BATCH_ENABLE=1, BATCH_ZONE=TWN, PAGEHELPER_ROW_ID=3, BATCH_NEXTRUNTIME=2022-08-02 03:00:00.0, BATCH_SCHEDULE_WEEKDAYS=0, BATCH_SUBSYS=9, BATCH_NOTIFYTYPE=0, BATCH_STARTJOBID=987, BATCH_SCHEDULE_WEEKINTERVAL=0, BATCH_SCHEDULE_MONTHS=0, BATCH_SCHEDULE_MONTHDAYS=0, BATCH_SCHEDULE_DAYINTERVAL=1, BATCH_DESCRIPTION=將LOG目錄下的紀錄檔(視保留天數)備份至指定目錄後並清除, BATCH_SCHEDULE_TYPE=D, BATCH_ACTION=null, BATCH_RESULT=2, BATCH_BATCHID=183, BATCH_SCHEDULE=1, BATCH_STARTGROUP=M002,S001,SUPER, BATCH_EDITGROUP=null, BATCH_CURRENTID=ebbd30b3-167d-4027-bab1-f895d8f1b0bb, JOBS_NAME=null, BATCH_SCHEDULE_STARTTIME=2017-11-30 03:00:00.0, BATCH_NOTIFYMAIL=null, BATCH_SCHEDULE_WHICKWEEKS=null, BATCH_SCHEDULE_REPETITIONINTERVAL=0, BATCH_LASTRUNTIME=2022-08-01 03:00:00.963, BATCH_SINGLETIME=0, BATCH_NAME=CMN_ArchivingLogFile}, {BATCH_SCHEDULE_REPETITIONINDURATION=0, BATCH_CHECKBUSINESSDATE=0, BATCH_ENABLE=1, BATCH_ZONE=TWN, PAGEHELPER_ROW_ID=4, BATCH_NEXTRUNTIME=2022-08-02 02:00:00.0, BATCH_SCHEDULE_WEEKDAYS=0, BATCH_SUBSYS=9, BATCH_NOTIFYTYPE=0, BATCH_STARTJOBID=1336, BATCH_SCHEDULE_WEEKINTERVAL=0, BATCH_SCHEDULE_MONTHS=0, BATCH_SCHEDULE_MONTHDAYS=0, BATCH_SCHEDULE_DAYINTERVAL=1, BATCH_DESCRIPTION=備份到歷史資料庫, BATCH_SCHEDULE_TYPE=D, BATCH_ACTION=null, BATCH_RESULT=0, BATCH_BATCHID=237, BATCH_SCHEDULE=1, BATCH_STARTGROUP=M001,S001,SUPER, BATCH_EDITGROUP=null, BATCH_CURRENTID=fe651aef-849c-4318-9641-7112d25abe48, JOBS_NAME=null, BATCH_SCHEDULE_STARTTIME=2016-08-09 02:00:00.0, BATCH_NOTIFYMAIL=null, BATCH_SCHEDULE_WHICKWEEKS=null, BATCH_SCHEDULE_REPETITIONINTERVAL=0, BATCH_LASTRUNTIME=2022-08-01 02:00:01.857, BATCH_SINGLETIME=0, BATCH_NAME=CMN_ArchivingTable}, {BATCH_SCHEDULE_REPETITIONINDURATION=0, BATCH_CHECKBUSINESSDATE=0, BATCH_ENABLE=1, BATCH_ZONE=TWN, PAGEHELPER_ROW_ID=5, BATCH_NEXTRUNTIME=null, BATCH_SCHEDULE_WEEKDAYS=0, BATCH_SUBSYS=9, BATCH_NOTIFYTYPE=0, BATCH_STARTJOBID=1284, BATCH_SCHEDULE_WEEKINTERVAL=0, BATCH_SCHEDULE_MONTHS=0, BATCH_SCHEDULE_MONTHDAYS=0, BATCH_SCHEDULE_DAYINTERVAL=0, BATCH_DESCRIPTION=備份到歷史資料庫, BATCH_SCHEDULE_TYPE= , BATCH_ACTION=null, BATCH_RESULT=1, BATCH_BATCHID=527, BATCH_SCHEDULE=0, BATCH_STARTGROUP=M001,M002,M003,M004,M005,M006,M007,M008,M009,M010,M011,S001,SUPER,TEST01, BATCH_EDITGROUP=null, BATCH_CURRENTID=null, JOBS_NAME=null, BATCH_SCHEDULE_STARTTIME=null, BATCH_NOTIFYMAIL=null, BATCH_SCHEDULE_WHICKWEEKS=null, BATCH_SCHEDULE_REPETITIONINTERVAL=0, BATCH_LASTRUNTIME=null, BATCH_SINGLETIME=0, BATCH_NAME=CMN_ArchivingTable_Pro}, {BATCH_SCHEDULE_REPETITIONINDURATION=0, BATCH_CHECKBUSINESSDATE=0, BATCH_ENABLE=1, BATCH_ZONE=TWN, PAGEHELPER_ROW_ID=6, BATCH_NEXTRUNTIME=2022-08-02 02:30:00.0, BATCH_SCHEDULE_WEEKDAYS=0, BATCH_SUBSYS=9, BATCH_NOTIFYTYPE=0, BATCH_STARTJOBID=340, BATCH_SCHEDULE_WEEKINTERVAL=0, BATCH_SCHEDULE_MONTHS=0, BATCH_SCHEDULE_MONTHDAYS=0, BATCH_SCHEDULE_DAYINTERVAL=1, BATCH_DESCRIPTION=清除DESLog, BATCH_SCHEDULE_TYPE=D, BATCH_ACTION=null, BATCH_RESULT=1, BATCH_BATCHID=210, BATCH_SCHEDULE=1, BATCH_STARTGROUP=C001,M001, BATCH_EDITGROUP=null, BATCH_CURRENTID=4f56e24f-fabe-42ae-8543-8b9f2b85e31e, JOBS_NAME=null, BATCH_SCHEDULE_STARTTIME=2012-06-08 02:30:00.0, BATCH_NOTIFYMAIL=null, BATCH_SCHEDULE_WHICKWEEKS=null, BATCH_SCHEDULE_REPETITIONINTERVAL=0, BATCH_LASTRUNTIME=2022-08-01 02:30:00.773, BATCH_SINGLETIME=0, BATCH_NAME=CMN_CleanDESLog}, {BATCH_SCHEDULE_REPETITIONINDURATION=0, BATCH_CHECKBUSINESSDATE=0, BATCH_ENABLE=1, BATCH_ZONE=TWN, PAGEHELPER_ROW_ID=7, BATCH_NEXTRUNTIME=2022-08-02 01:30:00.0, BATCH_SCHEDULE_WEEKDAYS=0, BATCH_SUBSYS=9, BATCH_NOTIFYTYPE=2, BATCH_STARTJOBID=143, BATCH_SCHEDULE_WEEKINTERVAL=0, BATCH_SCHEDULE_MONTHS=0, BATCH_SCHEDULE_MONTHDAYS=0, BATCH_SCHEDULE_DAYINTERVAL=1, BATCH_DESCRIPTION=清除FEPLog, BATCH_SCHEDULE_TYPE=D, BATCH_ACTION=null, BATCH_RESULT=1, BATCH_BATCHID=150, BATCH_SCHEDULE=1, BATCH_STARTGROUP=M001,M002,M003,M004,M005,M006,M007,M008,M009,M010,M011,S001,SUPER,TEST01, BATCH_EDITGROUP=null, BATCH_CURRENTID=57c5129e-1477-4a4c-88c0-7b8dc127f04c, JOBS_NAME=BTRMInBatch, BATCH_SCHEDULE_STARTTIME=2010-11-02 01:30:00.0, BATCH_NOTIFYMAIL=michael.shieh@ma, BATCH_SCHEDULE_WHICKWEEKS=null, BATCH_SCHEDULE_REPETITIONINTERVAL=0, BATCH_LASTRUNTIME=2022-08-01 01:30:01.43, BATCH_SINGLETIME=0, BATCH_NAME=CMN_CleanFEPLog}, {BATCH_SCHEDULE_REPETITIONINDURATION=0, BATCH_CHECKBUSINESSDATE=0, BATCH_ENABLE=1, BATCH_ZONE=TWN, PAGEHELPER_ROW_ID=8, BATCH_NEXTRUNTIME=2022-08-01 18:00:00.0, BATCH_SCHEDULE_WEEKDAYS=0, BATCH_SUBSYS=9, BATCH_NOTIFYTYPE=0, BATCH_STARTJOBID=716, BATCH_SCHEDULE_WEEKINTERVAL=0, BATCH_SCHEDULE_MONTHS=0, BATCH_SCHEDULE_MONTHDAYS=0, BATCH_SCHEDULE_DAYINTERVAL=1, BATCH_DESCRIPTION=清除FEPLog_History, BATCH_SCHEDULE_TYPE=D, BATCH_ACTION=null, BATCH_RESULT=2, BATCH_BATCHID=347, BATCH_SCHEDULE=1, BATCH_STARTGROUP=A1111,M001,M002,M003,M004,M005,M006,M007,M008,M009,M011,M012,M11,S001,SUPER,TEST01,TTT, BATCH_EDITGROUP=null, BATCH_CURRENTID=37eb3cb1-d4ed-4e60-b75f-080be323f756, JOBS_NAME=null, BATCH_SCHEDULE_STARTTIME=2014-10-10 18:00:00.0, BATCH_NOTIFYMAIL=null, BATCH_SCHEDULE_WHICKWEEKS=null, BATCH_SCHEDULE_REPETITIONINTERVAL=0, BATCH_LASTRUNTIME=2022-07-31 18:00:01.523, BATCH_SINGLETIME=0, BATCH_NAME=CMN_CleanFEPLog_History}, {BATCH_SCHEDULE_REPETITIONINDURATION=0, BATCH_CHECKBUSINESSDATE=0, BATCH_ENABLE=1, BATCH_ZONE=TWN, PAGEHELPER_ROW_ID=9, BATCH_NEXTRUNTIME=2020-12-14 18:05:00.0, BATCH_SCHEDULE_WEEKDAYS=0, BATCH_SUBSYS=9, BATCH_NOTIFYTYPE=0, BATCH_STARTJOBID=144, BATCH_SCHEDULE_WEEKINTERVAL=0, BATCH_SCHEDULE_MONTHS=0, BATCH_SCHEDULE_MONTHDAYS=0, BATCH_SCHEDULE_DAYINTERVAL=1, BATCH_DESCRIPTION=清除FEPTXN, BATCH_SCHEDULE_TYPE=D, BATCH_ACTION=null, BATCH_RESULT=2, BATCH_BATCHID=151, BATCH_SCHEDULE=0, BATCH_STARTGROUP=M001,M002,M003,M004,M005,M006,M007,M008,M009,M010,M011,S001,SUPER,TEST01, BATCH_EDITGROUP=null, BATCH_CURRENTID=76a5e5e5-47b5-46c0-a17a-853930a24bda, JOBS_NAME=RM_BatchDaily, BATCH_SCHEDULE_STARTTIME=2010-11-02 18:05:00.0, BATCH_NOTIFYMAIL=michael.shieh@m, BATCH_SCHEDULE_WHICKWEEKS=null, BATCH_SCHEDULE_REPETITIONINTERVAL=0, BATCH_LASTRUNTIME=2022-05-25 15:56:42.007, BATCH_SINGLETIME=0, BATCH_NAME=CMN_CleanFEPTXN}, {BATCH_SCHEDULE_REPETITIONINDURATION=0, BATCH_CHECKBUSINESSDATE=0, BATCH_ENABLE=1, BATCH_ZONE=TWN, PAGEHELPER_ROW_ID=10, BATCH_NEXTRUNTIME=null, BATCH_SCHEDULE_WEEKDAYS=0, BATCH_SUBSYS=9, BATCH_NOTIFYTYPE=0, BATCH_STARTJOBID=780, BATCH_SCHEDULE_WEEKINTERVAL=0, BATCH_SCHEDULE_MONTHS=0, BATCH_SCHEDULE_MONTHDAYS=0, BATCH_SCHEDULE_DAYINTERVAL=0, BATCH_DESCRIPTION=備份前一財金營業日的交易資料到歷史資料庫, BATCH_SCHEDULE_TYPE= , BATCH_ACTION=null, BATCH_RESULT=1, BATCH_BATCHID=386, BATCH_SCHEDULE=0, BATCH_STARTGROUP=SUPER, BATCH_EDITGROUP=null, BATCH_CURRENTID=20532d26-e98c-4627-a661-ec97b6411886, JOBS_NAME=null, BATCH_SCHEDULE_STARTTIME=null, BATCH_NOTIFYMAIL=null, BATCH_SCHEDULE_WHICKWEEKS=null, BATCH_SCHEDULE_REPETITIONINTERVAL=0, BATCH_LASTRUNTIME=2020-04-17 14:30:15.787, BATCH_SINGLETIME=0, BATCH_NAME=CMN_InsertFEPTxnByFISCDate}, {BATCH_SCHEDULE_REPETITIONINDURATION=0, BATCH_CHECKBUSINESSDATE=0, BATCH_ENABLE=1, BATCH_ZONE=TWN, PAGEHELPER_ROW_ID=11, BATCH_NEXTRUNTIME=2021-03-03 20:00:00.0, BATCH_SCHEDULE_WEEKDAYS=0, BATCH_SUBSYS=9, BATCH_NOTIFYTYPE=0, BATCH_STARTJOBID=1346, BATCH_SCHEDULE_WEEKINTERVAL=0, BATCH_SCHEDULE_MONTHS=4, BATCH_SCHEDULE_MONTHDAYS=3,6, BATCH_SCHEDULE_DAYINTERVAL=0, BATCH_DESCRIPTION=歷史資料庫每年三月將前一年度FEPTXN資料倒入FEPTXN年度(第一季), BATCH_SCHEDULE_TYPE=M, BATCH_ACTION=null, BATCH_RESULT=1, BATCH_BATCHID=528, BATCH_SCHEDULE=0, BATCH_STARTGROUP=M001,M002,M003,M004,M005,M006,M007,M008,M009,M010,M011,S001,SUPER,TEST01, BATCH_EDITGROUP=null, BATCH_CURRENTID=a24c9a98-485c-484a-bfc7-2827e152d98a, JOBS_NAME=null, BATCH_SCHEDULE_STARTTIME=2020-03-20 20:00:00.0, BATCH_NOTIFYMAIL=null, BATCH_SCHEDULE_WHICKWEEKS=null, BATCH_SCHEDULE_REPETITIONINTERVAL=0, BATCH_LASTRUNTIME=2019-12-12 16:17:21.07, BATCH_SINGLETIME=0, BATCH_NAME=CMN_MoveHistoryFeptxn_Q1}, {BATCH_SCHEDULE_REPETITIONINDURATION=0, BATCH_CHECKBUSINESSDATE=0, BATCH_ENABLE=1, BATCH_ZONE=TWN, PAGEHELPER_ROW_ID=12, BATCH_NEXTRUNTIME=null, BATCH_SCHEDULE_WEEKDAYS=0, BATCH_SUBSYS=9, BATCH_NOTIFYTYPE=0, BATCH_STARTJOBID=1347, BATCH_SCHEDULE_WEEKINTERVAL=0, BATCH_SCHEDULE_MONTHS=0, BATCH_SCHEDULE_MONTHDAYS=0, BATCH_SCHEDULE_DAYINTERVAL=0, BATCH_DESCRIPTION=歷史資料庫每年三月將前一年度FEPTXN資料倒入FEPTXN年度(第二季), BATCH_SCHEDULE_TYPE= , BATCH_ACTION=null, BATCH_RESULT=1, BATCH_BATCHID=531, BATCH_SCHEDULE=0, BATCH_STARTGROUP=M001,M002,M003,M004,M005,M006,M007,M008,M009,M010,M011,S001,SUPER,TEST01, BATCH_EDITGROUP=null, BATCH_CURRENTID=79f44fb6-e02d-4fe7-9353-b5b660832fa8, JOBS_NAME=null, BATCH_SCHEDULE_STARTTIME=null, BATCH_NOTIFYMAIL=null, BATCH_SCHEDULE_WHICKWEEKS=null, BATCH_SCHEDULE_REPETITIONINTERVAL=0, BATCH_LASTRUNTIME=2019-12-12 15:19:56.37, BATCH_SINGLETIME=1, BATCH_NAME=CMN_MoveHistoryFeptxn_Q2}, {BATCH_SCHEDULE_REPETITIONINDURATION=0, BATCH_CHECKBUSINESSDATE=0, BATCH_ENABLE=1, BATCH_ZONE=TWN, PAGEHELPER_ROW_ID=13, BATCH_NEXTRUNTIME=null, BATCH_SCHEDULE_WEEKDAYS=0, BATCH_SUBSYS=9, BATCH_NOTIFYTYPE=0, BATCH_STARTJOBID=1348, BATCH_SCHEDULE_WEEKINTERVAL=0, BATCH_SCHEDULE_MONTHS=0, BATCH_SCHEDULE_MONTHDAYS=0, BATCH_SCHEDULE_DAYINTERVAL=0, BATCH_DESCRIPTION=歷史資料庫每年三月將前一年度FEPTXN資料倒入FEPTXN年度(第三季), BATCH_SCHEDULE_TYPE= , BATCH_ACTION=null, BATCH_RESULT=1, BATCH_BATCHID=532, BATCH_SCHEDULE=0, BATCH_STARTGROUP=M001,M002,M003,M004,M005,M006,M007,M008,M009,M010,M011,S001,SUPER,TEST01, BATCH_EDITGROUP=null, BATCH_CURRENTID=177741c0-16f1-4419-be3e-b6eaabc54e4e, JOBS_NAME=null, BATCH_SCHEDULE_STARTTIME=null, BATCH_NOTIFYMAIL=null, BATCH_SCHEDULE_WHICKWEEKS=null, BATCH_SCHEDULE_REPETITIONINTERVAL=0, BATCH_LASTRUNTIME=2019-12-12 15:20:16.353, BATCH_SINGLETIME=1, BATCH_NAME=CMN_MoveHistoryFeptxn_Q3}, {BATCH_SCHEDULE_REPETITIONINDURATION=0, BATCH_CHECKBUSINESSDATE=0, BATCH_ENABLE=1, BATCH_ZONE=TWN, PAGEHELPER_ROW_ID=14, BATCH_NEXTRUNTIME=null, BATCH_SCHEDULE_WEEKDAYS=0, BATCH_SUBSYS=9, BATCH_NOTIFYTYPE=0, BATCH_STARTJOBID=1349, BATCH_SCHEDULE_WEEKINTERVAL=0, BATCH_SCHEDULE_MONTHS=0, BATCH_SCHEDULE_MONTHDAYS=0, BATCH_SCHEDULE_DAYINTERVAL=0, BATCH_DESCRIPTION=歷史資料庫每年三月將前一年度FEPTXN資料倒入FEPTXN年度(第四季), BATCH_SCHEDULE_TYPE= , BATCH_ACTION=null, BATCH_RESULT=1, BATCH_BATCHID=533, BATCH_SCHEDULE=0, BATCH_STARTGROUP=M001,M002,M003,M004,M005,M006,M007,M008,M009,M010,M011,S001,SUPER,TEST01, BATCH_EDITGROUP=null, BATCH_CURRENTID=18a2f200-9571-4cf5-9983-b98ce0737d25, JOBS_NAME=null, BATCH_SCHEDULE_STARTTIME=null, BATCH_NOTIFYMAIL=null, BATCH_SCHEDULE_WHICKWEEKS=null, BATCH_SCHEDULE_REPETITIONINTERVAL=0, BATCH_LASTRUNTIME=2019-12-12 15:20:30.627, BATCH_SINGLETIME=1, BATCH_NAME=CMN_MoveHistoryFeptxn_Q4}, {BATCH_SCHEDULE_REPETITIONINDURATION=0, BATCH_CHECKBUSINESSDATE=0, BATCH_ENABLE=1, BATCH_ZONE=TWN, PAGEHELPER_ROW_ID=15, BATCH_NEXTRUNTIME=2021-06-23 01:30:00.0, BATCH_SCHEDULE_WEEKDAYS=0, BATCH_SUBSYS=9, BATCH_NOTIFYTYPE=0, BATCH_STARTJOBID=345, BATCH_SCHEDULE_WEEKINTERVAL=0, BATCH_SCHEDULE_MONTHS=0, BATCH_SCHEDULE_MONTHDAYS=0, BATCH_SCHEDULE_DAYINTERVAL=1, BATCH_DESCRIPTION=DES報表, BATCH_SCHEDULE_TYPE=D, BATCH_ACTION=null, BATCH_RESULT=1, BATCH_BATCHID=211, BATCH_SCHEDULE=1, BATCH_STARTGROUP=M001,SUPER, BATCH_EDITGROUP=null, BATCH_CURRENTID=759970c6-7639-4958-9e40-d99e661ae978, JOBS_NAME=null, BATCH_SCHEDULE_STARTTIME=2012-06-01 01:30:00.0, BATCH_NOTIFYMAIL=null, BATCH_SCHEDULE_WHICKWEEKS=null, BATCH_SCHEDULE_REPETITIONINTERVAL=0, BATCH_LASTRUNTIME=2021-06-22 01:30:02.52, BATCH_SINGLETIME=0, BATCH_NAME=CMN_PushDESLOGToReport}, {BATCH_SCHEDULE_REPETITIONINDURATION=0, BATCH_CHECKBUSINESSDATE=0, BATCH_ENABLE=1, BATCH_ZONE=TWN, PAGEHELPER_ROW_ID=16, BATCH_NEXTRUNTIME=null, BATCH_SCHEDULE_WEEKDAYS=0, BATCH_SUBSYS=9, BATCH_NOTIFYTYPE=0, BATCH_STARTJOBID=326, BATCH_SCHEDULE_WEEKINTERVAL=0, BATCH_SCHEDULE_MONTHS=0, BATCH_SCHEDULE_MONTHDAYS=0, BATCH_SCHEDULE_DAYINTERVAL=0, BATCH_DESCRIPTION=清批批次目錄下過期目錄及檔案, BATCH_SCHEDULE_TYPE= , BATCH_ACTION=null, BATCH_RESULT=1, BATCH_BATCHID=206, BATCH_SCHEDULE=0, BATCH_STARTGROUP=M001,SUPER, BATCH_EDITGROUP=null, BATCH_CURRENTID=746e52dc-ee79-4006-a836-6a9f16253a81, JOBS_NAME=null, BATCH_SCHEDULE_STARTTIME=null, BATCH_NOTIFYMAIL=null, BATCH_SCHEDULE_WHICKWEEKS=null, BATCH_SCHEDULE_REPETITIONINTERVAL=0, BATCH_LASTRUNTIME=2016-06-26 11:15:02.96, BATCH_SINGLETIME=0, BATCH_NAME=CMN_RemoveBatchLog}, {BATCH_SCHEDULE_REPETITIONINDURATION=0, BATCH_CHECKBUSINESSDATE=0, BATCH_ENABLE=1, BATCH_ZONE=TWN, PAGEHELPER_ROW_ID=17, BATCH_NEXTRUNTIME=null, BATCH_SCHEDULE_WEEKDAYS=0, BATCH_SUBSYS=9, BATCH_NOTIFYTYPE=0, BATCH_STARTJOBID=331, BATCH_SCHEDULE_WEEKINTERVAL=0, BATCH_SCHEDULE_MONTHS=0, BATCH_SCHEDULE_MONTHDAYS=0, BATCH_SCHEDULE_DAYINTERVAL=0, BATCH_DESCRIPTION=清除一定時間前的DESLog & HSMLog, BATCH_SCHEDULE_TYPE= , BATCH_ACTION=null, BATCH_RESULT=1, BATCH_BATCHID=207, BATCH_SCHEDULE=0, BATCH_STARTGROUP=M001, BATCH_EDITGROUP=null, BATCH_CURRENTID=null, JOBS_NAME=null, BATCH_SCHEDULE_STARTTIME=null, BATCH_NOTIFYMAIL=null, BATCH_SCHEDULE_WHICKWEEKS=null, BATCH_SCHEDULE_REPETITIONINTERVAL=0, BATCH_LASTRUNTIME=2016-06-26 11:15:02.96, BATCH_SINGLETIME=0, BATCH_NAME=CMN_RemoveHSMLog}, {BATCH_SCHEDULE_REPETITIONINDURATION=0, BATCH_CHECKBUSINESSDATE=1, BATCH_ENABLE=1, BATCH_ZONE=TWN, PAGEHELPER_ROW_ID=18, BATCH_NEXTRUNTIME=2022-08-30 17:15:00.0, BATCH_SCHEDULE_WEEKDAYS=0, BATCH_SUBSYS=1, BATCH_NOTIFYTYPE=0, BATCH_STARTJOBID=1073, BATCH_SCHEDULE_WEEKINTERVAL=0, BATCH_SCHEDULE_MONTHS=0, BATCH_SCHEDULE_MONTHDAYS=0, BATCH_SCHEDULE_DAYINTERVAL=0, BATCH_DESCRIPTION=將生效資料寫入全國性繳費委託單位檔, BATCH_SCHEDULE_TYPE=D, BATCH_ACTION=null, BATCH_RESULT=1, BATCH_BATCHID=662, BATCH_SCHEDULE=1, BATCH_STARTGROUP=,M001,M002,M003,M004,M005,M006,M007,M008,M009,M010,M011,S001,SUPER,TEST01, BATCH_EDITGROUP=, BATCH_CURRENTID=2eff4a9a-228e-4b17-838c-6e0860a8d07a, JOBS_NAME=EffectNPSUNIT, BATCH_SCHEDULE_STARTTIME=2022-08-29 17:15:00.0, BATCH_NOTIFYMAIL=null, BATCH_SCHEDULE_WHICKWEEKS=null, BATCH_SCHEDULE_REPETITIONINTERVAL=0, BATCH_LASTRUNTIME=2022-08-30 14:27:54.559, BATCH_SINGLETIME=0, BATCH_NAME=EffectNPSUNIT}, {BATCH_SCHEDULE_REPETITIONINDURATION=0, BATCH_CHECKBUSINESSDATE=0, BATCH_ENABLE=1, BATCH_ZONE=TWN, PAGEHELPER_ROW_ID=19, BATCH_NEXTRUNTIME=null, BATCH_SCHEDULE_WEEKDAYS=0, BATCH_SUBSYS=1, BATCH_NOTIFYTYPE=0, BATCH_STARTJOBID=1046, BATCH_SCHEDULE_WEEKINTERVAL=0, BATCH_SCHEDULE_MONTHS=0, BATCH_SCHEDULE_MONTHDAYS=0, BATCH_SCHEDULE_DAYINTERVAL=0, BATCH_DESCRIPTION=財金災變復原轉檔, BATCH_SCHEDULE_TYPE= , BATCH_ACTION=null, BATCH_RESULT=0, BATCH_BATCHID=168, BATCH_SCHEDULE=0, BATCH_STARTGROUP=A1111,M001,M002,M003,M004,M005,M006,M007,M008,M009,M011,M012,M11,S001,SUPER,TEST01,TTT, BATCH_EDITGROUP=, BATCH_CURRENTID=eccceb78-7e1e-4785-98a6-332ddee8edec, JOBS_NAME=FISCRecovery, BATCH_SCHEDULE_STARTTIME=null, BATCH_NOTIFYMAIL=null, BATCH_SCHEDULE_WHICKWEEKS=null, BATCH_SCHEDULE_REPETITIONINTERVAL=0, BATCH_LASTRUNTIME=2022-08-30 14:48:51.778, BATCH_SINGLETIME=0, BATCH_NAME=INBK_FISCRecovery}, {BATCH_SCHEDULE_REPETITIONINDURATION=0, BATCH_CHECKBUSINESSDATE=0, BATCH_ENABLE=1, BATCH_ZONE=TWN, PAGEHELPER_ROW_ID=20, BATCH_NEXTRUNTIME=2022-09-05 03:00:00.0, BATCH_SCHEDULE_WEEKDAYS=2, BATCH_SUBSYS=1, BATCH_NOTIFYTYPE=2, BATCH_STARTJOBID=1043, BATCH_SCHEDULE_WEEKINTERVAL=1, BATCH_SCHEDULE_MONTHS=0, BATCH_SCHEDULE_MONTHDAYS=0, BATCH_SCHEDULE_DAYINTERVAL=0, BATCH_DESCRIPTION=載入財金提供之全國性繳費委託單位檔, BATCH_SCHEDULE_TYPE=W, BATCH_ACTION=如下載檔案CDP.TXT找不到檔案異常結束，請通知業務關係科放檔，並於隔日03:00再重新執行批次。其餘請通知AP處理。, BATCH_RESULT=1, BATCH_BATCHID=166, BATCH_SCHEDULE=0, BATCH_STARTGROUP=M001,M002,M003,M004,M005,M006,M007,M008,M009,M010,M011,S001,SUPER,TEST01, BATCH_EDITGROUP=, BATCH_CURRENTID=ee8ed6a9-44f2-4c47-8f2c-d708260c3777, JOBS_NAME=ImportNPSUNIT, BATCH_SCHEDULE_STARTTIME=2022-08-26 03:00:00.0, BATCH_NOTIFYMAIL=ping@mail.test, BATCH_SCHEDULE_WHICKWEEKS=null, BATCH_SCHEDULE_REPETITIONINTERVAL=0, BATCH_LASTRUNTIME=2022-08-30 11:24:14.783, BATCH_SINGLETIME=0, BATCH_NAME=INBK_ImportNPSUNIT}], prePage=0, nextPage=2, isFirstPage=true, isLastPage=false, hasPreviousPage=false, hasNextPage=true, navigatePages=8, navigateFirstPage=1, navigateLastPage=2, navigatepageNums=[1, 2]}, org.springframework.validation.BindingResult.form=org.springframework.validation.BeanPropertyBindingResult: 0 errors, org.springframework.validation.BindingResult.pageData=org.springframework.validation.BeanPropertyBindingResult: 0 errors}]]
[2022-08-30 15:39:07.707][INFO ][FEPWebMessageLogger ]|1|admin|0:0:0:0:0:0:0:1|批次設定管理|batch/UI_000100|/39/batch/UI_000100/index|服務端返回頁面, 功能名稱 = [批次設定管理], 視圖名稱 = [batch/UI_000100], 鏈接 = [/39/batch/UI_000100/index]
[2022-08-30 15:39:10.894][INFO ][FEPWebMessageLogger ]|1|admin|0:0:0:0:0:0:0:1|批次設定管理|batch/UI_000100|/39/batch/UI_000100/index|查詢數據, 條件 = [UI_000100_Form[batchId=<null>,batchName=SampleBatch,isRedirectFromPageChanged=false,pageNum=1,pageSize=20,sqlSortExpressionList=[],url=<null>]]
[2022-08-30 15:39:10.928][http-nio-8081-exec-3][DEBUG][com.syscom.fep.frmcommon.jdbc.DynamicDataSource]Determine current DataSource is [MASTER]
[2022-08-30 15:39:10.950][http-nio-8081-exec-3][DEBUG][com.syscom.fep.mybatis.ext.mapper.BatchExtMapper.getAllBatch_COUNT]==>  Preparing: SELECT count(0) FROM BATCH LEFT JOIN JOBS ON BATCH.BATCH_STARTJOBID = JOBS.JOBS_JOBID WHERE LOWER(BATCH.BATCH_NAME) LIKE LOWER(CONCAT('%', CONCAT(?, '%'))) AND BATCH.BATCH_SUBSYS IN (?, ?, ?, ?, ?, ?, ?, ?, ?, ?, ?, ?, ?, ?)
[2022-08-30 15:39:10.950][http-nio-8081-exec-3][DEBUG][com.syscom.fep.mybatis.ext.mapper.BatchExtMapper.getAllBatch_COUNT]==> Parameters: SampleBatch(String), 1(String), 2(String), 3(String), 4(String), 5(String), 6(String), 7(String), 8(String), 9(String), 10(String), 11(String), 12(String), 13(String), 14(String)
[2022-08-30 15:39:10.989][http-nio-8081-exec-3][DEBUG][jdbc.sqltiming] com.zaxxer.hikari.pool.ProxyPreparedStatement.execute(ProxyPreparedStatement.java:44)
1. SELECT count(0) FROM BATCH LEFT JOIN JOBS ON BATCH.BATCH_STARTJOBID = JOBS.JOBS_JOBID WHERE 
LOWER(BATCH.BATCH_NAME) LIKE LOWER(CONCAT('%', CONCAT('SampleBatch', '%'))) AND BATCH.BATCH_SUBSYS 
IN ('1', '2', '3', '4', '5', '6', '7', '8', '9', '10', '11', '12', '13', '14') 
 {executed in 38 msec}
[2022-08-30 15:39:11.094][http-nio-8081-exec-3][DEBUG][com.syscom.fep.mybatis.ext.mapper.BatchExtMapper.getAllBatch_COUNT]<==      Total: 1
[2022-08-30 15:39:11.096][http-nio-8081-exec-3][DEBUG][com.syscom.fep.mybatis.ext.mapper.BatchExtMapper.getAllBatch]==>  Preparing: SELECT * FROM (SELECT TMP_PAGE.*,ROWNUMBER() OVER() AS PAGEHELPER_ROW_ID FROM ( SELECT BATCH.*,JOBS_NAME FROM BATCH LEFT JOIN JOBS ON BATCH.BATCH_STARTJOBID = JOBS.JOBS_JOBID WHERE LOWER(BATCH.BATCH_NAME) LIKE LOWER(CONCAT('%', CONCAT(?, '%'))) AND BATCH.BATCH_SUBSYS IN ( ? , ? , ? , ? , ? , ? , ? , ? , ? , ? , ? , ? , ? , ? ) ORDER BY BATCH_NAME ) AS TMP_PAGE) TMP_PAGE WHERE PAGEHELPER_ROW_ID BETWEEN ? AND ?
[2022-08-30 15:39:11.097][http-nio-8081-exec-3][DEBUG][com.syscom.fep.mybatis.ext.mapper.BatchExtMapper.getAllBatch]==> Parameters: SampleBatch(String), 1(String), 2(String), 3(String), 4(String), 5(String), 6(String), 7(String), 8(String), 9(String), 10(String), 11(String), 12(String), 13(String), 14(String), 1(Long), 20(Long)
[2022-08-30 15:39:11.199][http-nio-8081-exec-3][DEBUG][jdbc.sqltiming] com.zaxxer.hikari.pool.ProxyPreparedStatement.execute(ProxyPreparedStatement.java:44)
1. SELECT * FROM (SELECT TMP_PAGE.*,ROWNUMBER() OVER() AS PAGEHELPER_ROW_ID FROM ( SELECT BATCH.*,JOBS_NAME 
FROM BATCH LEFT JOIN JOBS ON BATCH.BATCH_STARTJOBID = JOBS.JOBS_JOBID WHERE LOWER(BATCH.BATCH_NAME) 
LIKE LOWER(CONCAT('%', CONCAT('SampleBatch', '%'))) AND BATCH.BATCH_SUBSYS IN ( '1' , '2' , 
'3' , '4' , '5' , '6' , '7' , '8' , '9' , '10' , '11' , '12' , '13' , '14' ) ORDER BY BATCH_NAME 
) AS TMP_PAGE) TMP_PAGE WHERE PAGEHELPER_ROW_ID BETWEEN 1 AND 20 
 {executed in 101 msec}
[2022-08-30 15:39:11.236][http-nio-8081-exec-3][DEBUG][com.syscom.fep.mybatis.ext.mapper.BatchExtMapper.getAllBatch]<==      Total: 1
[2022-08-30 15:39:11.238][DEBUG][FEPWebMessageLogger ]|1|admin|0:0:0:0:0:0:0:1|批次設定管理|batch/UI_000100|/39/batch/UI_000100/index|服務端響應用戶請求, modelAndView = [ModelAndView [view="batch/UI_000100"; model={UI_000100_Form=UI_000100_Form[batchId=<null>,batchName=SampleBatch,isRedirectFromPageChanged=false,pageNum=1,pageSize=20,sqlSortExpressionList=[],url=/batch/UI_000100/queryClick], org.springframework.validation.BindingResult.UI_000100_Form=org.springframework.validation.BeanPropertyBindingResult: 0 errors, form=UI_000100_Form[batchId=<null>,batchName=SampleBatch,isRedirectFromPageChanged=false,pageNum=1,pageSize=20,sqlSortExpressionList=[],url=/batch/UI_000100/queryClick], pageData=PageInfo{pageNum=1, pageSize=20, size=1, startRow=1, endRow=1, total=1, pages=1, list=Page{count=true, pageNum=1, pageSize=20, startRow=0, endRow=20, total=1, pages=1, reasonable=false, pageSizeZero=true}[{BATCH_SCHEDULE_REPETITIONINDURATION=0, BATCH_CHECKBUSINESSDATE=1, BATCH_ENABLE=1, BATCH_ZONE=TWN, PAGEHELPER_ROW_ID=1, BATCH_NEXTRUNTIME=2022-08-31 14:12:00.0, BATCH_SCHEDULE_WEEKDAYS=0, BATCH_SUBSYS=1, BATCH_NOTIFYTYPE=0, BATCH_STARTJOBID=1074, BATCH_SCHEDULE_WEEKINTERVAL=0, BATCH_SCHEDULE_MONTHS=0, BATCH_SCHEDULE_MONTHDAYS=0, BATCH_SCHEDULE_DAYINTERVAL=0, BATCH_DESCRIPTION=joseph-test, BATCH_SCHEDULE_TYPE=D, BATCH_ACTION=null, BATCH_RESULT=1, BATCH_BATCHID=666, BATCH_SCHEDULE=1, BATCH_STARTGROUP=, BATCH_EDITGROUP=, BATCH_CURRENTID=88375b7f-b282-4920-9984-0f34badc4ca5, JOBS_NAME=SampleBatch, BATCH_SCHEDULE_STARTTIME=2022-08-30 14:12:00.0, BATCH_NOTIFYMAIL=null, BATCH_SCHEDULE_WHICKWEEKS=null, BATCH_SCHEDULE_REPETITIONINTERVAL=0, BATCH_LASTRUNTIME=2022-08-30 14:13:29.119, BATCH_SINGLETIME=0, BATCH_NAME=SampleBatch}], prePage=0, nextPage=0, isFirstPage=true, isLastPage=true, hasPreviousPage=false, hasNextPage=false, navigatePages=8, navigateFirstPage=1, navigateLastPage=1, navigatepageNums=[1]}, org.springframework.validation.BindingResult.form=org.springframework.validation.BeanPropertyBindingResult: 0 errors, org.springframework.validation.BindingResult.pageData=org.springframework.validation.BeanPropertyBindingResult: 0 errors}]]
[2022-08-30 15:39:11.238][INFO ][FEPWebMessageLogger ]|1|admin|0:0:0:0:0:0:0:1|批次設定管理|batch/UI_000100|/39/batch/UI_000100/index|服務端返回頁面, 功能名稱 = [批次設定管理], 視圖名稱 = [batch/UI_000100], 鏈接 = [/39/batch/UI_000100/index]
[2022-08-30 15:39:12.587][INFO ][FEPWebMessageLogger ]|1|admin|0:0:0:0:0:0:0:1|批次設定管理|batch/UI_000100|/39/batch/UI_000100/index|查詢數據, 條件 = [UI_000100_Form[batchId=666,batchName=<null>,isRedirectFromPageChanged=false,pageNum=1,pageSize=20,sqlSortExpressionList=[],url=<null>]]
[2022-08-30 15:39:12.612][http-nio-8081-exec-4][DEBUG][com.syscom.fep.frmcommon.jdbc.DynamicDataSource]Determine current DataSource is [MASTER]
[2022-08-30 15:39:12.745][http-nio-8081-exec-4][DEBUG][com.syscom.fep.mybatis.mapper.BatchMapper.selectByCondition]==>  Preparing: select BATCH_BATCHID, BATCH_NAME, BATCH_ENABLE, BATCH_DESCRIPTION, BATCH_SCHEDULE, BATCH_STARTJOBID, BATCH_NOTIFYMAIL, BATCH_SCHEDULE_TYPE, BATCH_SCHEDULE_STARTTIME, BATCH_SCHEDULE_DAYINTERVAL, BATCH_SCHEDULE_WEEKINTERVAL, BATCH_SCHEDULE_WEEKDAYS, BATCH_SCHEDULE_MONTHS, BATCH_SCHEDULE_MONTHDAYS, BATCH_SCHEDULE_WHICKWEEKS, BATCH_RESULT, BATCH_LASTRUNTIME, BATCH_SINGLETIME, BATCH_EDITGROUP, BATCH_STARTGROUP, BATCH_CURRENTID, BATCH_SCHEDULE_REPETITIONINTERVAL, BATCH_SCHEDULE_REPETITIONINDURATION, BATCH_NOTIFYTYPE, BATCH_NEXTRUNTIME, BATCH_ACTION, BATCH_CHECKBUSINESSDATE, BATCH_ZONE, BATCH_SUBSYS from BATCH where BATCH_BATCHID = ?
[2022-08-30 15:39:12.746][http-nio-8081-exec-4][DEBUG][com.syscom.fep.mybatis.mapper.BatchMapper.selectByCondition]==> Parameters: 666(Integer)
[2022-08-30 15:39:12.830][http-nio-8081-exec-4][DEBUG][jdbc.sqltiming] com.zaxxer.hikari.pool.ProxyPreparedStatement.execute(ProxyPreparedStatement.java:44)
1. select BATCH_BATCHID, BATCH_NAME, BATCH_ENABLE, BATCH_DESCRIPTION, BATCH_SCHEDULE, BATCH_STARTJOBID, 
BATCH_NOTIFYMAIL, BATCH_SCHEDULE_TYPE, BATCH_SCHEDULE_STARTTIME, BATCH_SCHEDULE_DAYINTERVAL, 
BATCH_SCHEDULE_WEEKINTERVAL, BATCH_SCHEDULE_WEEKDAYS, BATCH_SCHEDULE_MONTHS, BATCH_SCHEDULE_MONTHDAYS, 
BATCH_SCHEDULE_WHICKWEEKS, BATCH_RESULT, BATCH_LASTRUNTIME, BATCH_SINGLETIME, BATCH_EDITGROUP, 
BATCH_STARTGROUP, BATCH_CURRENTID, BATCH_SCHEDULE_REPETITIONINTERVAL, BATCH_SCHEDULE_REPETITIONINDURATION, 
BATCH_NOTIFYTYPE, BATCH_NEXTRUNTIME, BATCH_ACTION, BATCH_CHECKBUSINESSDATE, BATCH_ZONE, BATCH_SUBSYS 
from BATCH where BATCH_BATCHID = 666 
 {executed in 84 msec}
[2022-08-30 15:39:12.858][http-nio-8081-exec-4][DEBUG][com.syscom.fep.mybatis.mapper.BatchMapper.selectByCondition]<==      Total: 1
[2022-08-30 15:39:12.860][DEBUG][FEPWebMessageLogger ]|1|admin|0:0:0:0:0:0:0:1|批次設定管理|batch/UI_000100|/39/batch/UI_000100/index|服務端響應用戶請求, modelAndView = [ModelAndView [view="batch/UI_000100_Detail"; model={UI_000100_Form=UI_000100_Form[batchId=666,batchName=<null>,isRedirectFromPageChanged=false,pageNum=1,pageSize=20,sqlSortExpressionList=[],url=/batch/UI_000100/queryDetails], org.springframework.validation.BindingResult.UI_000100_Form=org.springframework.validation.BeanPropertyBindingResult: 0 errors, form=UI_000100_Form[batchId=666,batchName=<null>,isRedirectFromPageChanged=false,pageNum=1,pageSize=20,sqlSortExpressionList=[],url=/batch/UI_000100/queryDetails], org.springframework.validation.BindingResult.form=org.springframework.validation.BeanPropertyBindingResult: 0 errors}]]
[2022-08-30 15:39:12.864][http-nio-8081-exec-4][DEBUG][com.syscom.safeaa.jdbc.DynamicDataSource]Determine current DataSource is [MASTER]
[2022-08-30 15:39:12.865][http-nio-8081-exec-4][DEBUG][com.syscom.safeaa.mybatis.extmapper.SyscomresourceExtMapper.queryAllResources]==>  Preparing: SELECT a.RESOURCEID, a.RESOURCENO, NVL( a.SAFEDEFINEFUNCTIONLIST, '''' ) AS SAFEDEFINEFUNCTIONLIST, NVL( a.USERDEFINEFUNCTIONLIST, '''' ) AS USERDEFINEFUNCTIONLIST, a.RESOURCEURL, a.EFFECTDATE, a.EXPIREDDATE, NVL( a.UPDATEUSERID, 0 ) AS UPDATEUSERID, a.UPDATETIME, NVL( cul.CULTURE, '''' ) AS CULTURE, NVL( cul.RESOURCENAME, '''' ) AS RESOURCENAME, NVL( cul.REMARK, '''' ) AS REMARK FROM SYSCOMRESOURCE a, SYSCOMRESOURCECULTURE cul WHERE a.ResourceId = cul.ResourceId AND (cul.CULTURE IS NULL OR cul.CULTURE = ? ) AND RTRIM(a.RESOURCENO) = ?
[2022-08-30 15:39:12.866][http-nio-8081-exec-4][DEBUG][com.syscom.safeaa.mybatis.extmapper.SyscomresourceExtMapper.queryAllResources]==> Parameters: zh-TW(String), 000100(String)
[2022-08-30 15:39:12.905][http-nio-8081-exec-4][DEBUG][jdbc.sqltiming] com.zaxxer.hikari.pool.ProxyPreparedStatement.execute(ProxyPreparedStatement.java:44)
1. SELECT a.RESOURCEID, a.RESOURCENO, NVL( a.SAFEDEFINEFUNCTIONLIST, '''' ) AS SAFEDEFINEFUNCTIONLIST, 
NVL( a.USERDEFINEFUNCTIONLIST, '''' ) AS USERDEFINEFUNCTIONLIST, a.RESOURCEURL, a.EFFECTDATE, 
a.EXPIREDDATE, NVL( a.UPDATEUSERID, 0 ) AS UPDATEUSERID, a.UPDATETIME, NVL( cul.CULTURE, '''' 
) AS CULTURE, NVL( cul.RESOURCENAME, '''' ) AS RESOURCENAME, NVL( cul.REMARK, '''' ) AS REMARK 
FROM SYSCOMRESOURCE a, SYSCOMRESOURCECULTURE cul WHERE a.ResourceId = cul.ResourceId AND (cul.CULTURE 
IS NULL OR cul.CULTURE = 'zh-TW' ) AND RTRIM(a.RESOURCENO) = '000100' 
 {executed in 38 msec}
[2022-08-30 15:39:12.928][http-nio-8081-exec-4][DEBUG][com.syscom.safeaa.mybatis.extmapper.SyscomresourceExtMapper.queryAllResources]<==      Total: 1
[2022-08-30 15:39:12.929][INFO ][FEPWebMessageLogger ]|1|admin|0:0:0:0:0:0:0:1|批次設定管理|batch/UI_000100|/39/batch/UI_000100/index|服務端返回頁面, 功能名稱 = [批次作業管理], 視圖名稱 = [batch/UI_000100_Detail]
[2022-08-30 15:39:13.554][http-nio-8081-exec-10][DEBUG][com.syscom.fep.frmcommon.jdbc.DynamicDataSource]Determine current DataSource is [MASTER]
[2022-08-30 15:39:13.589][http-nio-8081-exec-10][DEBUG][com.syscom.fep.mybatis.ext.mapper.SubsysExtMapper.queryAll]==>  Preparing: select SUBSYS_SUBSYSNO, SUBSYS_NAME, SUBSYS_NAME_S, SUBSYS_ENABLE, UPDATE_USERID, UPDATE_TIME from SUBSYS
[2022-08-30 15:39:13.590][http-nio-8081-exec-10][DEBUG][com.syscom.fep.mybatis.ext.mapper.SubsysExtMapper.queryAll]==> Parameters: 
[2022-08-30 15:39:13.620][http-nio-8081-exec-10][DEBUG][jdbc.sqltiming] com.zaxxer.hikari.pool.ProxyPreparedStatement.execute(ProxyPreparedStatement.java:44)
1. select SUBSYS_SUBSYSNO, SUBSYS_NAME, SUBSYS_NAME_S, SUBSYS_ENABLE, UPDATE_USERID, UPDATE_TIME 
from SUBSYS 
 {executed in 29 msec}
[2022-08-30 15:39:13.645][http-nio-8081-exec-10][DEBUG][com.syscom.fep.mybatis.ext.mapper.SubsysExtMapper.queryAll]<==      Total: 12
[2022-08-30 15:39:13.647][http-nio-8081-exec-10][DEBUG][com.syscom.fep.frmcommon.jdbc.DynamicDataSource]Determine current DataSource is [MASTER]
[2022-08-30 15:39:13.647][http-nio-8081-exec-10][DEBUG][com.syscom.fep.mybatis.ext.mapper.FepgroupExtMapper.queryAllData]==>  Preparing: select FEPGROUP_GROUP_ID, FEPGROUP_NAME, FEPGROUP_SCOPE, FEPGROUP_TYPE, UPDATE_USERID, UPDATE_TIME from FEPGROUP
[2022-08-30 15:39:13.647][http-nio-8081-exec-10][DEBUG][com.syscom.fep.mybatis.ext.mapper.FepgroupExtMapper.queryAllData]==> Parameters: 
[2022-08-30 15:39:13.681][http-nio-8081-exec-10][DEBUG][jdbc.sqltiming] com.zaxxer.hikari.pool.ProxyPreparedStatement.execute(ProxyPreparedStatement.java:44)
1. select FEPGROUP_GROUP_ID, FEPGROUP_NAME, FEPGROUP_SCOPE, FEPGROUP_TYPE, UPDATE_USERID, UPDATE_TIME 
from FEPGROUP 
 {executed in 34 msec}
[2022-08-30 15:39:13.715][http-nio-8081-exec-10][DEBUG][com.syscom.fep.mybatis.ext.mapper.FepgroupExtMapper.queryAllData]<==      Total: 14
[2022-08-30 15:39:13.718][http-nio-8081-exec-10][DEBUG][com.syscom.fep.frmcommon.jdbc.DynamicDataSource]Determine current DataSource is [MASTER]
[2022-08-30 15:39:13.718][http-nio-8081-exec-10][DEBUG][com.syscom.fep.mybatis.ext.mapper.TaskExtMapper.queryTaskAll]==>  Preparing: select TASK_ID, TASK_NAME, TASK_COMMAND, TASK_COMMANDARGS, TASK_TIMEOUT, TASK_DESCRIPTION from TASK ORDER BY TASK_NAME
[2022-08-30 15:39:13.719][http-nio-8081-exec-10][DEBUG][com.syscom.fep.mybatis.ext.mapper.TaskExtMapper.queryTaskAll]==> Parameters: 
[2022-08-30 15:39:13.866][http-nio-8081-exec-10][DEBUG][jdbc.sqltiming] com.zaxxer.hikari.pool.ProxyPreparedStatement.execute(ProxyPreparedStatement.java:44)
1. select TASK_ID, TASK_NAME, TASK_COMMAND, TASK_COMMANDARGS, TASK_TIMEOUT, TASK_DESCRIPTION from 
TASK ORDER BY TASK_NAME 
 {executed in 147 msec}
[2022-08-30 15:39:14.287][http-nio-8081-exec-10][DEBUG][com.syscom.fep.mybatis.ext.mapper.TaskExtMapper.queryTaskAll]<==      Total: 601
[2022-08-30 15:39:14.289][http-nio-8081-exec-10][DEBUG][com.syscom.fep.frmcommon.jdbc.DynamicDataSource]Determine current DataSource is [MASTER]
[2022-08-30 15:39:14.289][http-nio-8081-exec-10][DEBUG][com.syscom.fep.mybatis.ext.mapper.JobtaskExtMapper.getJobTaskByBatchId]==>  Preparing: SELECT JOBTASK.*, TASK.*, JOBS.* FROM JOBTASK INNER JOIN TASK ON JOBTASK_TASKID = TASK_ID INNER JOIN JOBS ON JOBTASK_JOBID = JOBS_JOBID WHERE JOBS_BATCHID = ? ORDER BY JOBTASK_STEPID, JOBS_SEQ
[2022-08-30 15:39:14.289][http-nio-8081-exec-10][DEBUG][com.syscom.fep.mybatis.ext.mapper.JobtaskExtMapper.getJobTaskByBatchId]==> Parameters: 666(Integer)
[2022-08-30 15:39:14.316][http-nio-8081-exec-10][DEBUG][jdbc.sqltiming] com.zaxxer.hikari.pool.ProxyPreparedStatement.execute(ProxyPreparedStatement.java:44)
1. SELECT JOBTASK.*, TASK.*, JOBS.* FROM JOBTASK INNER JOIN TASK ON JOBTASK_TASKID = TASK_ID INNER 
JOIN JOBS ON JOBTASK_JOBID = JOBS_JOBID WHERE JOBS_BATCHID = 666 ORDER BY JOBTASK_STEPID, JOBS_SEQ 
 {executed in 27 msec}
[2022-08-30 15:39:14.343][http-nio-8081-exec-10][DEBUG][com.syscom.fep.mybatis.ext.mapper.JobtaskExtMapper.getJobTaskByBatchId]<==      Total: 2
[2022-08-30 15:39:14.412][DEBUG][FEPWebMessageLogger ]|1|admin|0:0:0:0:0:0:0:1|批次設定管理|batch/UI_000100|/39/batch/UI_000100/index|服務端響應用戶請求, modelAndView = []
[2022-08-30 15:39:29.393][http-nio-8081-exec-8][DEBUG][com.syscom.fep.frmcommon.jdbc.DynamicDataSource]Determine current DataSource is [MASTER]
[2022-08-30 15:39:29.393][InsertAuditTrailThread][WARN ][GeneralLogger][AuditTrailInterceptor.process], mapper: com.syscom.fep.mybatis.mapper.BatchMapper.updateByPrimaryKeySelective, cannot find method "selectByPrimaryKey"
[2022-08-30 15:39:29.472][http-nio-8081-exec-8][DEBUG][com.syscom.fep.mybatis.mapper.BatchMapper.updateByPrimaryKeySelective]==>  Preparing: update BATCH SET BATCH_NAME = ?, BATCH_ENABLE = ?, BATCH_DESCRIPTION = ?, BATCH_SCHEDULE = ?, BATCH_STARTJOBID = ?, BATCH_SCHEDULE_TYPE = ?, BATCH_SCHEDULE_STARTTIME = ?, BATCH_SCHEDULE_DAYINTERVAL = ?, BATCH_SCHEDULE_WEEKINTERVAL = ?, BATCH_SCHEDULE_WEEKDAYS = ?, BATCH_SCHEDULE_MONTHS = ?, BATCH_SCHEDULE_MONTHDAYS = ?, BATCH_RESULT = ?, BATCH_LASTRUNTIME = ?, BATCH_SINGLETIME = ?, BATCH_EDITGROUP = ?, BATCH_STARTGROUP = ?, BATCH_CURRENTID = ?, BATCH_SCHEDULE_REPETITIONINTERVAL = ?, BATCH_SCHEDULE_REPETITIONINDURATION = ?, BATCH_NOTIFYTYPE = ?, BATCH_NEXTRUNTIME = ?, BATCH_CHECKBUSINESSDATE = ?, BATCH_ZONE = ?, BATCH_SUBSYS = ? where BATCH_BATCHID = ?
[2022-08-30 15:39:29.477][http-nio-8081-exec-8][DEBUG][com.syscom.fep.mybatis.mapper.BatchMapper.updateByPrimaryKeySelective]==> Parameters: SampleBatch(String), 1(Short), joseph-test(String), 1(Short), 1074(Integer), D(String), 2022-08-30 15:40:00.0(Timestamp), 0(Short), 0(Short), 0(String), 0(String), 0(String), 1(String), 2022-08-30 14:13:29.119(Timestamp), 0(Short), (String), (String), 88375b7f-b282-4920-9984-0f34badc4ca5(String), 0(Short), 0(Short), 0(Short), 2022-08-31 14:12:00.0(Timestamp), 1(Short), TWN(String), 1(Short), 666(Integer)
[2022-08-30 15:39:29.545][http-nio-8081-exec-8][DEBUG][jdbc.sqltiming] com.zaxxer.hikari.pool.ProxyPreparedStatement.execute(ProxyPreparedStatement.java:44)
1. update BATCH SET BATCH_NAME = 'SampleBatch', BATCH_ENABLE = 1, BATCH_DESCRIPTION = 'joseph-test', 
BATCH_SCHEDULE = 1, BATCH_STARTJOBID = 1074, BATCH_SCHEDULE_TYPE = 'D', BATCH_SCHEDULE_STARTTIME 
= '08/30/2022 15:40:00.000', BATCH_SCHEDULE_DAYINTERVAL = 0, BATCH_SCHEDULE_WEEKINTERVAL = 
0, BATCH_SCHEDULE_WEEKDAYS = '0', BATCH_SCHEDULE_MONTHS = '0', BATCH_SCHEDULE_MONTHDAYS = '0', 
BATCH_RESULT = '1', BATCH_LASTRUNTIME = '08/30/2022 14:13:29.119', BATCH_SINGLETIME = 0, BATCH_EDITGROUP 
= '', BATCH_STARTGROUP = '', BATCH_CURRENTID = '88375b7f-b282-4920-9984-0f34badc4ca5', BATCH_SCHEDULE_REPETITIONINTERVAL 
= 0, BATCH_SCHEDULE_REPETITIONINDURATION = 0, BATCH_NOTIFYTYPE = 0, BATCH_NEXTRUNTIME = '08/31/2022 
14:12:00.000', BATCH_CHECKBUSINESSDATE = 1, BATCH_ZONE = 'TWN', BATCH_SUBSYS = 1 where BATCH_BATCHID 
= 666 
 {executed in 67 msec}
[2022-08-30 15:39:29.545][http-nio-8081-exec-8][DEBUG][com.syscom.fep.mybatis.mapper.BatchMapper.updateByPrimaryKeySelective]<==    Updates: 1
[2022-08-30 15:39:29.546][http-nio-8081-exec-8][DEBUG][com.syscom.fep.frmcommon.jdbc.DynamicDataSource]Determine current DataSource is [MASTER]
[2022-08-30 15:39:29.546][http-nio-8081-exec-8][DEBUG][com.syscom.fep.mybatis.ext.mapper.BatchExtMapper.getBatchFirstTaskById]==>  Preparing: SELECT BATCH.*,TASK.* FROM BATCH INNER JOIN JOBS ON BATCH_BATCHID = JOBS_BATCHID INNER JOIN JOBTASK ON JOBS_JOBID = JOBTASK.JOBTASK_JOBID AND JOBS.JOBS_STARTTASKID=JOBTASK.JOBTASK_TASKID INNER JOIN TASK ON JOBTASK_TASKID=TASK.TASK_ID where BATCH_BATCHID = ?
[2022-08-30 15:39:29.546][http-nio-8081-exec-8][DEBUG][com.syscom.fep.mybatis.ext.mapper.BatchExtMapper.getBatchFirstTaskById]==> Parameters: 666(Integer)
[2022-08-30 15:39:29.605][http-nio-8081-exec-8][DEBUG][jdbc.sqltiming] com.zaxxer.hikari.pool.ProxyPreparedStatement.execute(ProxyPreparedStatement.java:44)
1. SELECT BATCH.*,TASK.* FROM BATCH INNER JOIN JOBS ON BATCH_BATCHID = JOBS_BATCHID INNER JOIN 
JOBTASK ON JOBS_JOBID = JOBTASK.JOBTASK_JOBID AND JOBS.JOBS_STARTTASKID=JOBTASK.JOBTASK_TASKID 
INNER JOIN TASK ON JOBTASK_TASKID=TASK.TASK_ID where BATCH_BATCHID = 666 
 {executed in 58 msec}
[2022-08-30 15:39:29.659][http-nio-8081-exec-8][DEBUG][com.syscom.fep.mybatis.ext.mapper.BatchExtMapper.getBatchFirstTaskById]<==      Total: 2
[2022-08-30 15:39:29.682][http-nio-8081-exec-8][TRACE][TraceLogger]FEPCache Get SYSCONF From DB
[2022-08-30 15:39:29.683][http-nio-8081-exec-8][DEBUG][com.syscom.fep.frmcommon.jdbc.DynamicDataSource]Determine current DataSource is [MASTER]
[2022-08-30 15:39:29.683][http-nio-8081-exec-8][DEBUG][com.syscom.fep.mybatis.ext.mapper.SysconfExtMapper.queryAllData]==>  Preparing: SELECT SYSCONF_SUBSYSNO, SYSCONF_NAME, SYSCONF_DATATYPE, SYSCONF_TYPE, SYSCONF_VALUE, SYSCONF_READONLY, SYSCONF_FREQ, SYSCONF_REMARK, UPDATE_USERID, UPDATE_TIME, SYSCONF_ENCRYPT FROM SYSCONF
[2022-08-30 15:39:29.684][http-nio-8081-exec-8][DEBUG][com.syscom.fep.mybatis.ext.mapper.SysconfExtMapper.queryAllData]==> Parameters: 
[2022-08-30 15:39:29.843][http-nio-8081-exec-8][DEBUG][jdbc.sqltiming] com.zaxxer.hikari.pool.ProxyPreparedStatement.execute(ProxyPreparedStatement.java:44)
1. SELECT SYSCONF_SUBSYSNO, SYSCONF_NAME, SYSCONF_DATATYPE, SYSCONF_TYPE, SYSCONF_VALUE, SYSCONF_READONLY, 
SYSCONF_FREQ, SYSCONF_REMARK, UPDATE_USERID, UPDATE_TIME, SYSCONF_ENCRYPT FROM SYSCONF 
 {executed in 159 msec}
[2022-08-30 15:39:30.118][http-nio-8081-exec-8][DEBUG][com.syscom.fep.mybatis.ext.mapper.SysconfExtMapper.queryAllData]<==      Total: 633
[2022-08-30 15:39:30.475][http-nio-8081-exec-8][INFO ][JmsLogger]>>>>>>>>>>PlainTextMessage[destination=BatchQueue,kind=QUEUE,payload=<FEPBatch><TaskParameters BatchId="666"/><ScheduleTask Enable="true" Delete="false" ScheduleType="Daily" StartTime="2022-08-30 15:40:00.0" TaskName="SampleBatch" TaskDescription="joseph-test" Action="jobSchedulerInvoker" ActionArguments="/batchid:666 /jobid:1074 /HistoryDbName:FEPDB_HISTORY /ArchiveDbName:FEPDB /TableName:BRAP /TxDateFieldName:BRAP_ST_DATE /TxDateFieldType:C /IsIdentity:1 /ReserveDay:61"><DailyTrigger DaysInterval="0"/><WeeklyTrigger/><MonthlyTrigger/><MonthlyDayOfWeekTrigger/></ScheduleTask></FEPBatch>]
[2022-08-30 15:39:30.727][DEBUG][FEPWebMessageLogger ]|1|admin|0:0:0:0:0:0:0:1|批次設定管理|batch/UI_000100|/39/batch/UI_000100/index|服務端響應用戶請求, modelAndView = []
